[2022-11-18 11:59:20,314] - logger_.py] - DEBUG: ================================开始================================
[2022-11-18 11:59:20,334] - logger_.py] - DEBUG: 
当前请求接口是: 存储注册时的设备信息(注册成功后调首页登录)saveDeviceInfo,
请求参数: {'adbEnabled': 0, 'androidId': 'b109171b35c94873', 'availableStorage': ' 37.3796GB', 'battery': '81', 'codeName': 'REL', 'cpu': 'arm64-v8a', 'cpuInfo': ' ', 'cpuSpeed': '1989000KHz', 'currentWifi': '"HAI-IT-5G"', 'detailAddress': '', 'deviceLanguage': 'zh', 'deviceMac': 'D0:D2:C4:2F:54:3D', 'deviceModel': 'OPPO#CPH1825', 'deviceSerial': 'PR7TQS9SPZY5IN5T', 'deviceSoftwareVersion': '11', 'deviceVersionType': 'user', 'displayMetrics': '1080,2196', 'fingerPrint': 'OPPO/CPH1825/CPH1825:8.1.0/O11019/1539160089:user/release-keys', 'gaid': 'null', 'hardware': 'mt6771', 'imei': '354310678254322', 'imsi': '452050408783768', 'inDoor': -1, 'lag': '', 'lng': '', 'locationAddress': '', 'locationCity': '', 'mobileName': 'OPPO F9 Pro', 'model': 'OPPO#CPH1825', 'networkOperator': '', 'networkOperatorName': '', 'networkType': 'wifi', 'operatorName': '中国移动,无服务', 'os': '8.1.0', 'phoneAvailableRam': ' 3.4562GB', 'phoneCardNum': '', 'phoneOs': 'Android', 'phoneTotalRam': 'MemTotal:        5850108 kB', 'phonecardCount': 2, 'product': 'CPH1825', 'radioVersion': 'M_V3_P10,M_V3_P10', 'resolutionHeight': '2196', 'resolutionWidth': '1080', 'rooted': 0, 'routerMac': 'f4:a4:d6:56:f9:94', 'runtimeAvailableMemory': ' 0.3583GB', 'runtimeMaxMemory': ' 0.3750GB', 'simState': 1, 'simulator': 0, 'timeZone': 'GMT+08:00', 'totalStorage': ' 50.1089GB', 'turnOnTime': '2022-10-18 09:33:08', 'uuid': 'ba8a3ffc973faaea0009ef8aaf2f55fe4b271152a89d93aa36616ae1dbcf4ae0', 'uuidOriginal': '[-70, -118, 63, -4, -105, 63, -86, -22, 0, 9, -17, -118, -81, 47, 85, -2, 75, 39, 17, 82, -88, -99, -109, -86, 54, 97, 106, -31, -37, -49, 74, -32]'},
请求结果{'code': 0, 'msg': '成功', 'data': None, 'traceId': '6e1ecc7b0ebcee35', 'paginNation': {'total': 0, 'pageNo': 0, 'pageSize': 0, 'pages': 0}, 'success': True}
[2022-11-18 11:59:20,335] - logger_.py] - DEBUG: ================================结束================================

[2022-11-18 11:59:20,336] - logger_.py] - DEBUG: ================================开始================================
[2022-11-18 11:59:20,403] - logger_.py] - DEBUG: 
当前请求接口是: 上传通讯录:AddressBook,
请求参数: [{'contactName': 'Licenciado', 'contactPhone': '+52 449 480 7440', 'contactRelation': '', 'lastTime': '1661998796390'}, {'contactName': '1422firstcash', 'contactPhone': '+52 449 482 0252', 'contactRelation': '', 'lastTime': '1661998844242'}, {'contactName': 'Vicente Ortiz', 'contactPhone': '+52 449 496 9413', 'contactRelation': '', 'lastTime': '1661998880584'}, {'contactName': 'Orestamo', 'contactPhone': '+52 449 507 7179', 'contactRelation': '', 'lastTime': '1661999049347'}, {'contactName': 'Aquella', 'contactPhone': '+52 449 512 8518', 'contactRelation': '', 'lastTime': '1661999077020'}, {'contactName': 'Cash', 'contactPhone': '+52 449 514 7208', 'contactRelation': '', 'lastTime': '1661999122287'}],
请求结果{'code': 0, 'msg': '成功', 'data': None, 'traceId': '97160b84b0a3339c', 'paginNation': {'total': 0, 'pageNo': 0, 'pageSize': 0, 'pages': 0}, 'success': True}
[2022-11-18 11:59:20,404] - logger_.py] - DEBUG: ================================结束================================

[2022-11-18 11:59:20,404] - logger_.py] - DEBUG: ================================开始================================
[2022-11-18 11:59:20,548] - logger_.py] - DEBUG: 
当前请求接口是: 查询最大可借天数：queryAvailableProduct,
请求参数: {'dayRate': '0.77', 'expectedInstallment': '0', 'isNew': '1', 'merchantNo': '01', 'orgNo': 'MEX', 'prductPayAmountMax': '1300', 'prductPayAmountMin': '300', 'productAmount': '0', 'productFastPayTime': '50', 'productIntroduce': 'testhhh', 'productLoanTerm': '1', 'productName': 'Préstamos seguros', 'productNo': '', 'productPictureUrl': '/upload/image/20220803/2022080301312987180381.png', 'productTerm': '0', 'showPeriod': '0', 'userExpectedAmount': '0', 'userExpectedTerm': '0'},
请求结果{'code': 0, 'msg': '成功', 'data': [{'maxLoanAmount': 750.0, 'loanDay': 10, 'installmentNum': 1, 'fistInstallmentDays': 10, 'productNo': 'MEX_01_1_20220927173142'}], 'traceId': '6bc5274e86248370', 'paginNation': {'total': 0, 'pageNo': 0, 'pageSize': 0, 'pages': 0}, 'success': True}
[2022-11-18 11:59:20,551] - logger_.py] - DEBUG: ================================结束================================

[2022-11-18 11:59:20,554] - logger_.py] - DEBUG: ================================开始================================
[2022-11-18 11:59:20,664] - logger_.py] - DEBUG: 当前接口：提交借款申请：submitOneProduct,响应结果通讯录不能为空,错误id：fae4b35477bad7eb
[2022-11-18 11:59:20,665] - logger_.py] - INFO: 当前接口：提交借款申请：submitOneProduct,响应结果通讯录不能为空,错误id：fae4b35477bad7eb
[2022-11-18 11:59:20,666] - logger_.py] - ERROR: 当前请求的错误: '成功' != '通讯录不能为空'
- 成功
+ 通讯录不能为空

[2022-11-18 11:59:20,667] - logger_.py] - DEBUG: ================================结束================================

