[2022-11-21 10:40:17,464] - logger_.py] - DEBUG: ================================开始================================
[2022-11-21 10:40:17,494] - logger_.py] - DEBUG: 
当前请求接口是: 存储注册时的设备信息(注册成功后调首页登录)saveDeviceInfo,
请求参数: {'adbEnabled': 0, 'androidId': 'b109171b35c94873', 'availableStorage': ' 37.3796GB', 'battery': '81', 'codeName': 'REL', 'cpu': 'arm64-v8a', 'cpuInfo': ' ', 'cpuSpeed': '1989000KHz', 'currentWifi': '"HAI-IT-5G"', 'detailAddress': '', 'deviceLanguage': 'zh', 'deviceMac': 'D0:D2:C4:2F:54:3D', 'deviceModel': 'OPPO#CPH1825', 'deviceSerial': 'PR7TQS9SPZY5IN5T', 'deviceSoftwareVersion': '11', 'deviceVersionType': 'user', 'displayMetrics': '1080,2196', 'fingerPrint': 'OPPO/CPH1825/CPH1825:8.1.0/O11019/1539160089:user/release-keys', 'gaid': 'null', 'hardware': 'mt6771', 'imei': '354310678254322', 'imsi': '452050408783768', 'inDoor': -1, 'lag': '', 'lng': '', 'locationAddress': '', 'locationCity': '', 'mobileName': 'OPPO F9 Pro', 'model': 'OPPO#CPH1825', 'networkOperator': '', 'networkOperatorName': '', 'networkType': 'wifi', 'operatorName': '中国移动,无服务', 'os': '8.1.0', 'phoneAvailableRam': ' 3.4562GB', 'phoneCardNum': '', 'phoneOs': 'Android', 'phoneTotalRam': 'MemTotal:        5850108 kB', 'phonecardCount': 2, 'product': 'CPH1825', 'radioVersion': 'M_V3_P10,M_V3_P10', 'resolutionHeight': '2196', 'resolutionWidth': '1080', 'rooted': 0, 'routerMac': 'f4:a4:d6:56:f9:94', 'runtimeAvailableMemory': ' 0.3583GB', 'runtimeMaxMemory': ' 0.3750GB', 'simState': 1, 'simulator': 0, 'timeZone': 'GMT+08:00', 'totalStorage': ' 50.1089GB', 'turnOnTime': '2022-10-18 09:33:08', 'uuid': 'ba8a3ffc973faaea0009ef8aaf2f55fe4b271152a89d93aa36616ae1dbcf4ae0', 'uuidOriginal': '[-70, -118, 63, -4, -105, 63, -86, -22, 0, 9, -17, -118, -81, 47, 85, -2, 75, 39, 17, 82, -88, -99, -109, -86, 54, 97, 106, -31, -37, -49, 74, -32]'},
请求结果{'code': 0, 'msg': '成功', 'data': None, 'traceId': 'e6b519f70ac82029', 'paginNation': {'total': 0, 'pageNo': 0, 'pageSize': 0, 'pages': 0}, 'success': True}
[2022-11-21 10:40:17,494] - logger_.py] - DEBUG: ================================结束================================

[2022-11-21 10:40:17,494] - logger_.py] - DEBUG: ================================开始================================
[2022-11-21 10:40:17,544] - logger_.py] - DEBUG: 
当前请求接口是: 上传通讯录:AddressBook,
请求参数: [{'contactName': 'Licenciado', 'contactPhone': '+52 449 480 7440', 'contactRelation': '', 'lastTime': '1661998796390'}, {'contactName': '1422firstcash', 'contactPhone': '+52 449 482 0252', 'contactRelation': '', 'lastTime': '1661998844242'}, {'contactName': 'Vicente Ortiz', 'contactPhone': '+52 449 496 9413', 'contactRelation': '', 'lastTime': '1661998880584'}, {'contactName': 'Orestamo', 'contactPhone': '+52 449 507 7179', 'contactRelation': '', 'lastTime': '1661999049347'}, {'contactName': 'Aquella', 'contactPhone': '+52 449 512 8518', 'contactRelation': '', 'lastTime': '1661999077020'}, {'contactName': 'Cash', 'contactPhone': '+52 449 514 7208', 'contactRelation': '', 'lastTime': '1661999122287'}],
请求结果{'code': 0, 'msg': '成功', 'data': None, 'traceId': 'fe6b64a1f47c230e', 'paginNation': {'total': 0, 'pageNo': 0, 'pageSize': 0, 'pages': 0}, 'success': True}
[2022-11-21 10:40:17,544] - logger_.py] - DEBUG: ================================结束================================

[2022-11-21 10:40:17,544] - logger_.py] - DEBUG: ================================开始================================
[2022-11-21 10:40:17,704] - logger_.py] - DEBUG: 
当前请求接口是: 查询最大可借天数：queryAvailableProduct,
请求参数: {'dayRate': '0.77', 'expectedInstallment': '0', 'isNew': '1', 'merchantNo': '01', 'orgNo': 'MEX', 'prductPayAmountMax': '1300', 'prductPayAmountMin': '300', 'productAmount': '0', 'productFastPayTime': '50', 'productIntroduce': 'testhhh', 'productLoanTerm': '1', 'productName': 'Préstamos seguros', 'productNo': '', 'productPictureUrl': '/upload/image/20220803/2022080301312987180381.png', 'productTerm': '0', 'showPeriod': '0', 'userExpectedAmount': '0', 'userExpectedTerm': '0'},
请求结果{'code': 0, 'msg': '成功', 'data': [{'maxLoanAmount': 750.0, 'loanDay': 10, 'installmentNum': 1, 'fistInstallmentDays': 10, 'productNo': 'MEX_01_1_20220927173142'}], 'traceId': 'de52ee97c0b1b14b', 'paginNation': {'total': 0, 'pageNo': 0, 'pageSize': 0, 'pages': 0}, 'success': True}
[2022-11-21 10:40:17,704] - logger_.py] - DEBUG: ================================结束================================

[2022-11-21 10:40:17,704] - logger_.py] - DEBUG: ================================开始================================
[2022-11-21 10:40:17,784] - logger_.py] - DEBUG: 当前接口：提交借款申请：submitOneProduct,响应结果通讯录不能为空,错误id：f5d885bb9bc96215
[2022-11-21 10:40:17,784] - logger_.py] - INFO: 当前接口：提交借款申请：submitOneProduct,响应结果通讯录不能为空,错误id：f5d885bb9bc96215
[2022-11-21 10:40:17,784] - logger_.py] - ERROR: 当前请求的错误: '成功' != '通讯录不能为空'
- 成功
+ 通讯录不能为空

[2022-11-21 10:40:17,784] - logger_.py] - DEBUG: ================================结束================================

[2022-11-21 18:35:31,738] - logger_.py] - DEBUG: ================================开始================================
[2022-11-21 18:35:31,757] - logger_.py] - DEBUG: 
当前请求接口是: 存储注册时的设备信息(注册成功后调首页登录)saveDeviceInfo,
请求参数: {'adbEnabled': 0, 'androidId': 'b109171b35c94873', 'availableStorage': ' 37.3796GB', 'battery': '81', 'codeName': 'REL', 'cpu': 'arm64-v8a', 'cpuInfo': ' ', 'cpuSpeed': '1989000KHz', 'currentWifi': '"HAI-IT-5G"', 'detailAddress': '', 'deviceLanguage': 'zh', 'deviceMac': 'D0:D2:C4:2F:54:3D', 'deviceModel': 'OPPO#CPH1825', 'deviceSerial': 'PR7TQS9SPZY5IN5T', 'deviceSoftwareVersion': '11', 'deviceVersionType': 'user', 'displayMetrics': '1080,2196', 'fingerPrint': 'OPPO/CPH1825/CPH1825:8.1.0/O11019/1539160089:user/release-keys', 'gaid': 'null', 'hardware': 'mt6771', 'imei': '354310678254322', 'imsi': '452050408783768', 'inDoor': -1, 'lag': '', 'lng': '', 'locationAddress': '', 'locationCity': '', 'mobileName': 'OPPO F9 Pro', 'model': 'OPPO#CPH1825', 'networkOperator': '', 'networkOperatorName': '', 'networkType': 'wifi', 'operatorName': '中国移动,无服务', 'os': '8.1.0', 'phoneAvailableRam': ' 3.4562GB', 'phoneCardNum': '', 'phoneOs': 'Android', 'phoneTotalRam': 'MemTotal:        5850108 kB', 'phonecardCount': 2, 'product': 'CPH1825', 'radioVersion': 'M_V3_P10,M_V3_P10', 'resolutionHeight': '2196', 'resolutionWidth': '1080', 'rooted': 0, 'routerMac': 'f4:a4:d6:56:f9:94', 'runtimeAvailableMemory': ' 0.3583GB', 'runtimeMaxMemory': ' 0.3750GB', 'simState': 1, 'simulator': 0, 'timeZone': 'GMT+08:00', 'totalStorage': ' 50.1089GB', 'turnOnTime': '2022-10-18 09:33:08', 'uuid': 'ba8a3ffc973faaea0009ef8aaf2f55fe4b271152a89d93aa36616ae1dbcf4ae0', 'uuidOriginal': '[-70, -118, 63, -4, -105, 63, -86, -22, 0, 9, -17, -118, -81, 47, 85, -2, 75, 39, 17, 82, -88, -99, -109, -86, 54, 97, 106, -31, -37, -49, 74, -32]'},
请求结果{'code': 0, 'msg': '成功', 'data': None, 'traceId': '425741c4ce9cb487', 'paginNation': {'total': 0, 'pageNo': 0, 'pageSize': 0, 'pages': 0}, 'success': True}
[2022-11-21 18:35:31,758] - logger_.py] - DEBUG: ================================结束================================

[2022-11-21 18:35:31,759] - logger_.py] - DEBUG: ================================开始================================
[2022-11-21 18:35:31,851] - logger_.py] - DEBUG: 
当前请求接口是: 上传通讯录:AddressBook,
请求参数: [{'contactName': 'Licenciado', 'contactPhone': '+52 449 480 7440', 'contactRelation': '', 'lastTime': '1661998796390'}, {'contactName': '1422firstcash', 'contactPhone': '+52 449 482 0252', 'contactRelation': '', 'lastTime': '1661998844242'}, {'contactName': 'Vicente Ortiz', 'contactPhone': '+52 449 496 9413', 'contactRelation': '', 'lastTime': '1661998880584'}, {'contactName': 'Orestamo', 'contactPhone': '+52 449 507 7179', 'contactRelation': '', 'lastTime': '1661999049347'}, {'contactName': 'Aquella', 'contactPhone': '+52 449 512 8518', 'contactRelation': '', 'lastTime': '1661999077020'}, {'contactName': 'Cash', 'contactPhone': '+52 449 514 7208', 'contactRelation': '', 'lastTime': '1661999122287'}],
请求结果{'code': 0, 'msg': '成功', 'data': None, 'traceId': 'ba8d2d9fd5774269', 'paginNation': {'total': 0, 'pageNo': 0, 'pageSize': 0, 'pages': 0}, 'success': True}
[2022-11-21 18:35:31,852] - logger_.py] - DEBUG: ================================结束================================

[2022-11-21 18:35:31,852] - logger_.py] - DEBUG: ================================开始================================
[2022-11-21 18:35:31,984] - logger_.py] - DEBUG: 
当前请求接口是: 查询最大可借天数：queryAvailableProduct,
请求参数: {'dayRate': '0.77', 'expectedInstallment': '0', 'isNew': '1', 'merchantNo': '01', 'orgNo': 'MEX', 'prductPayAmountMax': '1300', 'prductPayAmountMin': '300', 'productAmount': '0', 'productFastPayTime': '50', 'productIntroduce': 'testhhh', 'productLoanTerm': '1', 'productName': 'Préstamos seguros', 'productNo': '', 'productPictureUrl': '/upload/image/20220803/2022080301312987180381.png', 'productTerm': '0', 'showPeriod': '0', 'userExpectedAmount': '0', 'userExpectedTerm': '0'},
请求结果{'code': 0, 'msg': '成功', 'data': [{'maxLoanAmount': 750.0, 'loanDay': 10, 'installmentNum': 1, 'fistInstallmentDays': 10, 'productNo': 'MEX_01_1_20220927173142'}], 'traceId': 'a19f0f7d2fa0e767', 'paginNation': {'total': 0, 'pageNo': 0, 'pageSize': 0, 'pages': 0}, 'success': True}
[2022-11-21 18:35:31,985] - logger_.py] - DEBUG: ================================结束================================

[2022-11-21 18:35:31,986] - logger_.py] - DEBUG: ================================开始================================
[2022-11-21 18:35:32,058] - logger_.py] - DEBUG: 当前接口：提交借款申请：submitOneProduct,响应结果通讯录不能为空,错误id：31db3bd4954d3e2e
[2022-11-21 18:35:32,059] - logger_.py] - INFO: 当前接口：提交借款申请：submitOneProduct,响应结果通讯录不能为空,错误id：31db3bd4954d3e2e
[2022-11-21 18:35:32,060] - logger_.py] - ERROR: 当前请求的错误: '成功' != '通讯录不能为空'
- 成功
+ 通讯录不能为空

[2022-11-21 18:35:32,061] - logger_.py] - DEBUG: ================================结束================================

[2022-11-21 18:38:17,543] - logger_.py] - DEBUG: ================================开始================================
[2022-11-21 18:38:17,562] - logger_.py] - DEBUG: 
当前请求接口是: 存储注册时的设备信息(注册成功后调首页登录)saveDeviceInfo,
请求参数: {'adbEnabled': 0, 'androidId': 'b109171b35c94873', 'availableStorage': ' 37.3796GB', 'battery': '81', 'codeName': 'REL', 'cpu': 'arm64-v8a', 'cpuInfo': ' ', 'cpuSpeed': '1989000KHz', 'currentWifi': '"HAI-IT-5G"', 'detailAddress': '', 'deviceLanguage': 'zh', 'deviceMac': 'D0:D2:C4:2F:54:3D', 'deviceModel': 'OPPO#CPH1825', 'deviceSerial': 'PR7TQS9SPZY5IN5T', 'deviceSoftwareVersion': '11', 'deviceVersionType': 'user', 'displayMetrics': '1080,2196', 'fingerPrint': 'OPPO/CPH1825/CPH1825:8.1.0/O11019/1539160089:user/release-keys', 'gaid': 'null', 'hardware': 'mt6771', 'imei': '354310678254322', 'imsi': '452050408783768', 'inDoor': -1, 'lag': '', 'lng': '', 'locationAddress': '', 'locationCity': '', 'mobileName': 'OPPO F9 Pro', 'model': 'OPPO#CPH1825', 'networkOperator': '', 'networkOperatorName': '', 'networkType': 'wifi', 'operatorName': '中国移动,无服务', 'os': '8.1.0', 'phoneAvailableRam': ' 3.4562GB', 'phoneCardNum': '', 'phoneOs': 'Android', 'phoneTotalRam': 'MemTotal:        5850108 kB', 'phonecardCount': 2, 'product': 'CPH1825', 'radioVersion': 'M_V3_P10,M_V3_P10', 'resolutionHeight': '2196', 'resolutionWidth': '1080', 'rooted': 0, 'routerMac': 'f4:a4:d6:56:f9:94', 'runtimeAvailableMemory': ' 0.3583GB', 'runtimeMaxMemory': ' 0.3750GB', 'simState': 1, 'simulator': 0, 'timeZone': 'GMT+08:00', 'totalStorage': ' 50.1089GB', 'turnOnTime': '2022-10-18 09:33:08', 'uuid': 'ba8a3ffc973faaea0009ef8aaf2f55fe4b271152a89d93aa36616ae1dbcf4ae0', 'uuidOriginal': '[-70, -118, 63, -4, -105, 63, -86, -22, 0, 9, -17, -118, -81, 47, 85, -2, 75, 39, 17, 82, -88, -99, -109, -86, 54, 97, 106, -31, -37, -49, 74, -32]'},
请求结果{'code': 0, 'msg': '成功', 'data': None, 'traceId': '3520d95147ad8ae2', 'paginNation': {'total': 0, 'pageNo': 0, 'pageSize': 0, 'pages': 0}, 'success': True}
[2022-11-21 18:38:17,563] - logger_.py] - DEBUG: ================================结束================================

[2022-11-21 18:38:17,563] - logger_.py] - DEBUG: ================================开始================================
[2022-11-21 18:38:17,624] - logger_.py] - DEBUG: 
当前请求接口是: 上传通讯录:AddressBook,
请求参数: [{'contactName': 'Licenciado', 'contactPhone': '+52 449 480 7440', 'contactRelation': '', 'lastTime': 1661998796390}, {'contactName': '1422firstcash', 'contactPhone': '+52 449 482 0252', 'contactRelation': '', 'lastTime': 1661998844242}, {'contactName': 'Vicente Ortiz', 'contactPhone': '+52 449 496 9413', 'contactRelation': '', 'lastTime': 1661998880584}, {'contactName': 'Orestamo', 'contactPhone': '+52 449 507 7179', 'contactRelation': '', 'lastTime': 1661999049347}, {'contactName': 'Aquella', 'contactPhone': '+52 449 512 8518', 'contactRelation': '', 'lastTime': 1661999077020}, {'contactName': 'Cash', 'contactPhone': '+52 449 514 7208', 'contactRelation': '', 'lastTime': 1661999122287}],
请求结果{'code': 0, 'msg': '成功', 'data': None, 'traceId': 'ca87b104e93c3f0b', 'paginNation': {'total': 0, 'pageNo': 0, 'pageSize': 0, 'pages': 0}, 'success': True}
[2022-11-21 18:38:17,625] - logger_.py] - DEBUG: ================================结束================================

[2022-11-21 18:38:17,626] - logger_.py] - DEBUG: ================================开始================================
[2022-11-21 18:38:17,749] - logger_.py] - DEBUG: 
当前请求接口是: 查询最大可借天数：queryAvailableProduct,
请求参数: {'dayRate': '0.77', 'expectedInstallment': '0', 'isNew': '1', 'merchantNo': '01', 'orgNo': 'MEX', 'prductPayAmountMax': '1300', 'prductPayAmountMin': '300', 'productAmount': '0', 'productFastPayTime': '50', 'productIntroduce': 'testhhh', 'productLoanTerm': '1', 'productName': 'Préstamos seguros', 'productNo': '', 'productPictureUrl': '/upload/image/20220803/2022080301312987180381.png', 'productTerm': '0', 'showPeriod': '0', 'userExpectedAmount': '0', 'userExpectedTerm': '0'},
请求结果{'code': 0, 'msg': '成功', 'data': [{'maxLoanAmount': 750.0, 'loanDay': 10, 'installmentNum': 1, 'fistInstallmentDays': 10, 'productNo': 'MEX_01_1_20220927173142'}], 'traceId': 'f80ac1ab2ac3aea3', 'paginNation': {'total': 0, 'pageNo': 0, 'pageSize': 0, 'pages': 0}, 'success': True}
[2022-11-21 18:38:17,750] - logger_.py] - DEBUG: ================================结束================================

[2022-11-21 18:38:17,751] - logger_.py] - DEBUG: ================================开始================================
[2022-11-21 18:38:17,837] - logger_.py] - DEBUG: 当前接口：提交借款申请：submitOneProduct,响应结果通讯录不能为空,错误id：c8a253c8d0b59638
[2022-11-21 18:38:17,837] - logger_.py] - INFO: 当前接口：提交借款申请：submitOneProduct,响应结果通讯录不能为空,错误id：c8a253c8d0b59638
[2022-11-21 18:38:17,838] - logger_.py] - ERROR: 当前请求的错误: '成功' != '通讯录不能为空'
- 成功
+ 通讯录不能为空

[2022-11-21 18:38:17,839] - logger_.py] - DEBUG: ================================结束================================

[2022-11-21 18:42:48,442] - logger_.py] - DEBUG: ================================开始================================
[2022-11-21 18:42:48,460] - logger_.py] - DEBUG: 
当前请求接口是: 存储注册时的设备信息(注册成功后调首页登录)saveDeviceInfo,
请求参数: {'adbEnabled': 0, 'androidId': 'b109171b35c94873', 'availableStorage': ' 37.3796GB', 'battery': '81', 'codeName': 'REL', 'cpu': 'arm64-v8a', 'cpuInfo': ' ', 'cpuSpeed': '1989000KHz', 'currentWifi': '"HAI-IT-5G"', 'detailAddress': '', 'deviceLanguage': 'zh', 'deviceMac': 'D0:D2:C4:2F:54:3D', 'deviceModel': 'OPPO#CPH1825', 'deviceSerial': 'PR7TQS9SPZY5IN5T', 'deviceSoftwareVersion': '11', 'deviceVersionType': 'user', 'displayMetrics': '1080,2196', 'fingerPrint': 'OPPO/CPH1825/CPH1825:8.1.0/O11019/1539160089:user/release-keys', 'gaid': 'null', 'hardware': 'mt6771', 'imei': '354310678254322', 'imsi': '452050408783768', 'inDoor': -1, 'lag': '', 'lng': '', 'locationAddress': '', 'locationCity': '', 'mobileName': 'OPPO F9 Pro', 'model': 'OPPO#CPH1825', 'networkOperator': '', 'networkOperatorName': '', 'networkType': 'wifi', 'operatorName': '中国移动,无服务', 'os': '8.1.0', 'phoneAvailableRam': ' 3.4562GB', 'phoneCardNum': '', 'phoneOs': 'Android', 'phoneTotalRam': 'MemTotal:        5850108 kB', 'phonecardCount': 2, 'product': 'CPH1825', 'radioVersion': 'M_V3_P10,M_V3_P10', 'resolutionHeight': '2196', 'resolutionWidth': '1080', 'rooted': 0, 'routerMac': 'f4:a4:d6:56:f9:94', 'runtimeAvailableMemory': ' 0.3583GB', 'runtimeMaxMemory': ' 0.3750GB', 'simState': 1, 'simulator': 0, 'timeZone': 'GMT+08:00', 'totalStorage': ' 50.1089GB', 'turnOnTime': '2022-10-18 09:33:08', 'uuid': 'ba8a3ffc973faaea0009ef8aaf2f55fe4b271152a89d93aa36616ae1dbcf4ae0', 'uuidOriginal': '[-70, -118, 63, -4, -105, 63, -86, -22, 0, 9, -17, -118, -81, 47, 85, -2, 75, 39, 17, 82, -88, -99, -109, -86, 54, 97, 106, -31, -37, -49, 74, -32]'},
请求结果{'code': 0, 'msg': '成功', 'data': None, 'traceId': 'd942ce748260ef93', 'paginNation': {'total': 0, 'pageNo': 0, 'pageSize': 0, 'pages': 0}, 'success': True}
[2022-11-21 18:42:48,461] - logger_.py] - DEBUG: ================================结束================================

[2022-11-21 18:42:48,462] - logger_.py] - DEBUG: ================================开始================================
[2022-11-21 18:42:48,491] - logger_.py] - DEBUG: 
当前请求接口是: 上传通讯录:AddressBook,
请求参数: [{'contactName': 'Licenciado', 'contactPhone': '+52 449 480 7440', 'contactRelation': '', 'lastTime': 1661998796390}, {'contactName': '1422firstcash', 'contactPhone': '+52 449 482 0252', 'contactRelation': '', 'lastTime': 1661998844242}, {'contactName': 'Vicente Ortiz', 'contactPhone': '+52 449 496 9413', 'contactRelation': '', 'lastTime': 1661998880584}, {'contactName': 'Orestamo', 'contactPhone': '+52 449 507 7179', 'contactRelation': '', 'lastTime': 1661999049347}, {'contactName': 'Aquella', 'contactPhone': '+52 449 512 8518', 'contactRelation': '', 'lastTime': 1661999077020}, {'contactName': 'Cash', 'contactPhone': '+52 449 514 7208', 'contactRelation': '', 'lastTime': 1661999122287}],
请求结果{'code': 0, 'msg': '成功', 'data': None, 'traceId': 'eb8b67ed19103b13', 'paginNation': {'total': 0, 'pageNo': 0, 'pageSize': 0, 'pages': 0}, 'success': True}
[2022-11-21 18:42:48,491] - logger_.py] - DEBUG: ================================结束================================

[2022-11-21 18:42:48,492] - logger_.py] - DEBUG: ================================开始================================
[2022-11-21 18:42:48,615] - logger_.py] - DEBUG: 
当前请求接口是: 查询最大可借天数：queryAvailableProduct,
请求参数: {'dayRate': '0.77', 'expectedInstallment': '0', 'isNew': '1', 'merchantNo': '01', 'orgNo': 'MEX', 'prductPayAmountMax': '1300', 'prductPayAmountMin': '300', 'productAmount': '0', 'productFastPayTime': '50', 'productIntroduce': 'testhhh', 'productLoanTerm': '1', 'productName': 'Préstamos seguros', 'productNo': '', 'productPictureUrl': '/upload/image/20220803/2022080301312987180381.png', 'productTerm': '0', 'showPeriod': '0', 'userExpectedAmount': '0', 'userExpectedTerm': '0'},
请求结果{'code': 0, 'msg': '成功', 'data': [{'maxLoanAmount': 750.0, 'loanDay': 10, 'installmentNum': 1, 'fistInstallmentDays': 10, 'productNo': 'MEX_01_1_20220927173142'}], 'traceId': 'f4b0e466d0707d6b', 'paginNation': {'total': 0, 'pageNo': 0, 'pageSize': 0, 'pages': 0}, 'success': True}
[2022-11-21 18:42:48,618] - logger_.py] - DEBUG: ================================结束================================

[2022-11-21 18:42:48,621] - logger_.py] - DEBUG: ================================开始================================
[2022-11-21 18:42:48,743] - logger_.py] - DEBUG: 当前接口：提交借款申请：submitOneProduct,响应结果通讯录不能为空,错误id：39e52811f3c70f6b
[2022-11-21 18:42:48,745] - logger_.py] - INFO: 当前接口：提交借款申请：submitOneProduct,响应结果通讯录不能为空,错误id：39e52811f3c70f6b
[2022-11-21 18:42:48,750] - logger_.py] - ERROR: 当前请求的错误: '成功' != '通讯录不能为空'
- 成功
+ 通讯录不能为空

[2022-11-21 18:42:48,753] - logger_.py] - DEBUG: ================================结束================================

[2022-11-21 18:43:14,065] - logger_.py] - DEBUG: ================================开始================================
[2022-11-21 18:43:14,081] - logger_.py] - DEBUG: 
当前请求接口是: 存储注册时的设备信息(注册成功后调首页登录)saveDeviceInfo,
请求参数: {'adbEnabled': 0, 'androidId': 'b109171b35c94873', 'availableStorage': ' 37.3796GB', 'battery': '81', 'codeName': 'REL', 'cpu': 'arm64-v8a', 'cpuInfo': ' ', 'cpuSpeed': '1989000KHz', 'currentWifi': '"HAI-IT-5G"', 'detailAddress': '', 'deviceLanguage': 'zh', 'deviceMac': 'D0:D2:C4:2F:54:3D', 'deviceModel': 'OPPO#CPH1825', 'deviceSerial': 'PR7TQS9SPZY5IN5T', 'deviceSoftwareVersion': '11', 'deviceVersionType': 'user', 'displayMetrics': '1080,2196', 'fingerPrint': 'OPPO/CPH1825/CPH1825:8.1.0/O11019/1539160089:user/release-keys', 'gaid': 'null', 'hardware': 'mt6771', 'imei': '354310678254322', 'imsi': '452050408783768', 'inDoor': -1, 'lag': '', 'lng': '', 'locationAddress': '', 'locationCity': '', 'mobileName': 'OPPO F9 Pro', 'model': 'OPPO#CPH1825', 'networkOperator': '', 'networkOperatorName': '', 'networkType': 'wifi', 'operatorName': '中国移动,无服务', 'os': '8.1.0', 'phoneAvailableRam': ' 3.4562GB', 'phoneCardNum': '', 'phoneOs': 'Android', 'phoneTotalRam': 'MemTotal:        5850108 kB', 'phonecardCount': 2, 'product': 'CPH1825', 'radioVersion': 'M_V3_P10,M_V3_P10', 'resolutionHeight': '2196', 'resolutionWidth': '1080', 'rooted': 0, 'routerMac': 'f4:a4:d6:56:f9:94', 'runtimeAvailableMemory': ' 0.3583GB', 'runtimeMaxMemory': ' 0.3750GB', 'simState': 1, 'simulator': 0, 'timeZone': 'GMT+08:00', 'totalStorage': ' 50.1089GB', 'turnOnTime': '2022-10-18 09:33:08', 'uuid': 'ba8a3ffc973faaea0009ef8aaf2f55fe4b271152a89d93aa36616ae1dbcf4ae0', 'uuidOriginal': '[-70, -118, 63, -4, -105, 63, -86, -22, 0, 9, -17, -118, -81, 47, 85, -2, 75, 39, 17, 82, -88, -99, -109, -86, 54, 97, 106, -31, -37, -49, 74, -32]'},
请求结果{'code': 0, 'msg': '成功', 'data': None, 'traceId': '47e3fa9d1f16b5d2', 'paginNation': {'total': 0, 'pageNo': 0, 'pageSize': 0, 'pages': 0}, 'success': True}
[2022-11-21 18:43:14,082] - logger_.py] - DEBUG: ================================结束================================

[2022-11-21 18:43:14,083] - logger_.py] - DEBUG: ================================开始================================
[2022-11-21 18:43:14,125] - logger_.py] - DEBUG: 
当前请求接口是: 上传通讯录:AddressBook,
请求参数: [{'contactName': 'Licenciado', 'contactPhone': '+52 449 480 7440', 'contactRelation': '', 'lastTime': 1661998796390}, {'contactName': '1422firstcash', 'contactPhone': '+52 449 482 0252', 'contactRelation': '', 'lastTime': 1661998844242}, {'contactName': 'Vicente Ortiz', 'contactPhone': '+52 449 496 9413', 'contactRelation': '', 'lastTime': 1661998880584}, {'contactName': 'Orestamo', 'contactPhone': '+52 449 507 7179', 'contactRelation': '', 'lastTime': 1661999049347}, {'contactName': 'Aquella', 'contactPhone': '+52 449 512 8518', 'contactRelation': '', 'lastTime': 1661999077020}, {'contactName': 'Cash', 'contactPhone': '+52 449 514 7208', 'contactRelation': '', 'lastTime': 1661999122287}],
请求结果{'code': 0, 'msg': '成功', 'data': None, 'traceId': 'de2d1c61af9787de', 'paginNation': {'total': 0, 'pageNo': 0, 'pageSize': 0, 'pages': 0}, 'success': True}
[2022-11-21 18:43:14,127] - logger_.py] - DEBUG: ================================结束================================

[2022-11-21 18:43:14,128] - logger_.py] - DEBUG: ================================开始================================
[2022-11-21 18:43:14,232] - logger_.py] - DEBUG: 
当前请求接口是: 查询最大可借天数：queryAvailableProduct,
请求参数: {'dayRate': '0.77', 'expectedInstallment': '0', 'isNew': '1', 'merchantNo': '01', 'orgNo': 'MEX', 'prductPayAmountMax': '1300', 'prductPayAmountMin': '300', 'productAmount': '0', 'productFastPayTime': '50', 'productIntroduce': 'testhhh', 'productLoanTerm': '1', 'productName': 'Préstamos seguros', 'productNo': '', 'productPictureUrl': '/upload/image/20220803/2022080301312987180381.png', 'productTerm': '0', 'showPeriod': '0', 'userExpectedAmount': '0', 'userExpectedTerm': '0'},
请求结果{'code': 0, 'msg': '成功', 'data': [{'maxLoanAmount': 750.0, 'loanDay': 10, 'installmentNum': 1, 'fistInstallmentDays': 10, 'productNo': 'MEX_01_1_20220927173142'}], 'traceId': '1d72b858703bac9c', 'paginNation': {'total': 0, 'pageNo': 0, 'pageSize': 0, 'pages': 0}, 'success': True}
[2022-11-21 18:43:14,233] - logger_.py] - DEBUG: ================================结束================================

[2022-11-21 18:43:14,234] - logger_.py] - DEBUG: ================================开始================================
[2022-11-21 18:43:14,297] - logger_.py] - DEBUG: 当前接口：提交借款申请：submitOneProduct,响应结果通讯录不能为空,错误id：42359a8f1027b8fd
[2022-11-21 18:43:14,298] - logger_.py] - INFO: 当前接口：提交借款申请：submitOneProduct,响应结果通讯录不能为空,错误id：42359a8f1027b8fd
[2022-11-21 18:43:14,299] - logger_.py] - ERROR: 当前请求的错误: '成功' != '通讯录不能为空'
- 成功
+ 通讯录不能为空

[2022-11-21 18:43:14,300] - logger_.py] - DEBUG: ================================结束================================

[2022-11-21 18:44:34,140] - logger_.py] - DEBUG: ================================开始================================
[2022-11-21 18:44:34,159] - logger_.py] - DEBUG: 
当前请求接口是: 存储注册时的设备信息(注册成功后调首页登录)saveDeviceInfo,
请求参数: {'adbEnabled': 0, 'androidId': 'b109171b35c94873', 'availableStorage': ' 37.3796GB', 'battery': '81', 'codeName': 'REL', 'cpu': 'arm64-v8a', 'cpuInfo': ' ', 'cpuSpeed': '1989000KHz', 'currentWifi': '"HAI-IT-5G"', 'detailAddress': '', 'deviceLanguage': 'zh', 'deviceMac': 'D0:D2:C4:2F:54:3D', 'deviceModel': 'OPPO#CPH1825', 'deviceSerial': 'PR7TQS9SPZY5IN5T', 'deviceSoftwareVersion': '11', 'deviceVersionType': 'user', 'displayMetrics': '1080,2196', 'fingerPrint': 'OPPO/CPH1825/CPH1825:8.1.0/O11019/1539160089:user/release-keys', 'gaid': 'null', 'hardware': 'mt6771', 'imei': '354310678254322', 'imsi': '452050408783768', 'inDoor': -1, 'lag': '', 'lng': '', 'locationAddress': '', 'locationCity': '', 'mobileName': 'OPPO F9 Pro', 'model': 'OPPO#CPH1825', 'networkOperator': '', 'networkOperatorName': '', 'networkType': 'wifi', 'operatorName': '中国移动,无服务', 'os': '8.1.0', 'phoneAvailableRam': ' 3.4562GB', 'phoneCardNum': '', 'phoneOs': 'Android', 'phoneTotalRam': 'MemTotal:        5850108 kB', 'phonecardCount': 2, 'product': 'CPH1825', 'radioVersion': 'M_V3_P10,M_V3_P10', 'resolutionHeight': '2196', 'resolutionWidth': '1080', 'rooted': 0, 'routerMac': 'f4:a4:d6:56:f9:94', 'runtimeAvailableMemory': ' 0.3583GB', 'runtimeMaxMemory': ' 0.3750GB', 'simState': 1, 'simulator': 0, 'timeZone': 'GMT+08:00', 'totalStorage': ' 50.1089GB', 'turnOnTime': '2022-10-18 09:33:08', 'uuid': 'ba8a3ffc973faaea0009ef8aaf2f55fe4b271152a89d93aa36616ae1dbcf4ae0', 'uuidOriginal': '[-70, -118, 63, -4, -105, 63, -86, -22, 0, 9, -17, -118, -81, 47, 85, -2, 75, 39, 17, 82, -88, -99, -109, -86, 54, 97, 106, -31, -37, -49, 74, -32]'},
请求结果{'code': 0, 'msg': '成功', 'data': None, 'traceId': '84ae4b45e5908d18', 'paginNation': {'total': 0, 'pageNo': 0, 'pageSize': 0, 'pages': 0}, 'success': True}
[2022-11-21 18:44:34,160] - logger_.py] - DEBUG: ================================结束================================

[2022-11-21 18:44:34,160] - logger_.py] - DEBUG: ================================开始================================
[2022-11-21 18:44:34,199] - logger_.py] - DEBUG: 
当前请求接口是: 上传通讯录:AddressBook,
请求参数: [{'contactName': 'Licenciado', 'contactPhone': '+52 449 480 7440', 'contactRelation': '', 'lastTime': 1661998796390}, {'contactName': '1422firstcash', 'contactPhone': '+52 449 482 0252', 'contactRelation': '', 'lastTime': 1661998844242}, {'contactName': 'Vicente Ortiz', 'contactPhone': '+52 449 496 9413', 'contactRelation': '', 'lastTime': 1661998880584}, {'contactName': 'Orestamo', 'contactPhone': '+52 449 507 7179', 'contactRelation': '', 'lastTime': 1661999049347}, {'contactName': 'Aquella', 'contactPhone': '+52 449 512 8518', 'contactRelation': '', 'lastTime': 1661999077020}, {'contactName': 'Cash', 'contactPhone': '+52 449 514 7208', 'contactRelation': '', 'lastTime': 1661999122287}],
请求结果{'code': 0, 'msg': '成功', 'data': None, 'traceId': '5d20d7ccb9b16802', 'paginNation': {'total': 0, 'pageNo': 0, 'pageSize': 0, 'pages': 0}, 'success': True}
[2022-11-21 18:44:34,200] - logger_.py] - DEBUG: ================================结束================================

[2022-11-21 18:44:34,201] - logger_.py] - DEBUG: ================================开始================================
[2022-11-21 18:44:34,342] - logger_.py] - DEBUG: 
当前请求接口是: 查询最大可借天数：queryAvailableProduct,
请求参数: {'dayRate': '0.77', 'expectedInstallment': '0', 'isNew': '1', 'merchantNo': '01', 'orgNo': 'MEX', 'prductPayAmountMax': '1300', 'prductPayAmountMin': '300', 'productAmount': '0', 'productFastPayTime': '50', 'productIntroduce': 'testhhh', 'productLoanTerm': '1', 'productName': 'Préstamos seguros', 'productNo': '', 'productPictureUrl': '/upload/image/20220803/2022080301312987180381.png', 'productTerm': '0', 'showPeriod': '0', 'userExpectedAmount': '0', 'userExpectedTerm': '0'},
请求结果{'code': 0, 'msg': '成功', 'data': [{'maxLoanAmount': 750.0, 'loanDay': 10, 'installmentNum': 1, 'fistInstallmentDays': 10, 'productNo': 'MEX_01_1_20220927173142'}], 'traceId': 'e06c4b446f0c54bf', 'paginNation': {'total': 0, 'pageNo': 0, 'pageSize': 0, 'pages': 0}, 'success': True}
[2022-11-21 18:44:34,342] - logger_.py] - DEBUG: ================================结束================================

[2022-11-21 18:44:34,343] - logger_.py] - DEBUG: ================================开始================================
[2022-11-21 18:44:34,422] - logger_.py] - DEBUG: 当前接口：提交借款申请：submitOneProduct,响应结果通讯录不能为空,错误id：652d3967ad8384ce
[2022-11-21 18:44:34,423] - logger_.py] - INFO: 当前接口：提交借款申请：submitOneProduct,响应结果通讯录不能为空,错误id：652d3967ad8384ce
[2022-11-21 18:44:34,424] - logger_.py] - ERROR: 
当前请求接口是: 提交借款申请：submitOneProduct,
请求参数: {'appList': [{'appName': 'MoonVay', 'appVersion': '1.0.5', 'firstInstallTime': '2022-05-16 10:00:43', 'lastUpdateTime': '2022-05-16 10:00:43', 'packageName': 'app.moon.vay'}, {'appName': 'VayHome', 'appVersion': '2.2.8', 'firstInstallTime': '2022-08-01 11:19:09', 'lastUpdateTime': '2022-08-01 11:19:09', 'packageName': 'com.hc.market'}, {'appName': 'Cola Credit', 'appVersion': '1.0.3', 'firstInstallTime': '2022-06-15 09:54:28', 'lastUpdateTime': '2022-06-15 09:54:28', 'packageName': 'com.vicola.credit'}, {'appName': 'Loan Quick', 'appVersion': '1.0.9', 'firstInstallTime': '2022-09-28 16:15:57', 'lastUpdateTime': '2022-09-28 16:15:57', 'packageName': 'com.loan.quick'}, {'appName': '蓝灯', 'appVersion': '6.8.10 (20210920.160125)', 'firstInstallTime': '2022-02-10 16:25:10', 'lastUpdateTime': '2022-02-10 16:25:10', 'packageName': 'org.getlantern.lantern'}, {'appName': '搜狗输入法', 'appVersion': '11.3', 'firstInstallTime': '2022-05-10 17:06:04', 'lastUpdateTime': '2022-05-10 17:06:04', 'packageName': 'com.sohu.inputmethod.sogou'}, {'appName': 'Vietnamese Spam Filtering Engine', 'appVersion': '1.0.6', 'firstInstallTime': '2015-01-01 00:04:47', 'lastUpdateTime': '2015-01-01 00:04:47', 'packageName': 'com.svmc.spamengine'}, {'appName': 'Sky Pesa', 'appVersion': '1.0.7', 'firstInstallTime': '2022-06-24 11:50:38', 'lastUpdateTime': '2022-06-24 11:50:38', 'packageName': 'sky.pesa'}, {'appName': 'GoldFish88', 'appVersion': '2.1.1', 'firstInstallTime': '2022-02-10 16:15:41', 'lastUpdateTime': '2022-02-10 16:15:41', 'packageName': 'com.goldfish88.club'}, {'appName': 'Cash Star', 'appVersion': '1.0', 'firstInstallTime': '2022-09-22 12:18:00', 'lastUpdateTime': '2022-09-22 12:18:00', 'packageName': 'com.ph.cashstar'}, {'appName': 'mex_af_test', 'appVersion': '1.0.8', 'firstInstallTime': '2022-10-08 12:12:29', 'lastUpdateTime': '2022-10-08 12:12:29', 'packageName': 'mex.af.test'}, {'appName': 'Vay Dễ', 'appVersion': '2.0.3', 'firstInstallTime': '2022-01-17 12:18:37', 'lastUpdateTime': '2022-01-17 12:18:37', 'packageName': 'com.vn.easycash'}, {'appName': 'com.samsung.updatecarriermatch', 'appVersion': '1.0.5', 'firstInstallTime': '2015-01-01 00:04:37', 'lastUpdateTime': '2015-01-01 00:04:37', 'packageName': 'com.samsung.updatecarriermatch'}, {'appName': '贴吧极速版', 'appVersion': '9.1.0.0', 'firstInstallTime': '2022-07-22 16:45:32', 'lastUpdateTime': '2022-07-22 16:45:32', 'packageName': 'com.baidu.tieba_mini'}, {'appName': 'Vysor', 'appVersion': '4.1.58', 'firstInstallTime': '2022-04-28 16:20:45', 'lastUpdateTime': '2022-04-28 16:20:45', 'packageName': 'com.koushikdutta.vysor'}, {'appName': 'V-Credit', 'appVersion': '1.0.3', 'firstInstallTime': '2022-02-10 18:13:38', 'lastUpdateTime': '2022-02-10 18:13:38', 'packageName': 'com.vi.vcredit'}, {'appName': 'Tiki', 'appVersion': '4.91.2', 'firstInstallTime': '2022-02-10 16:17:02', 'lastUpdateTime': '2022-02-10 16:17:02', 'packageName': 'vn.tiki.app.tikiandroid'}, {'appName': '生活钱包', 'appVersion': '1.0.3', 'firstInstallTime': '2022-09-26 11:10:09', 'lastUpdateTime': '2022-09-26 11:10:09', 'packageName': 'com.life.wallet'}, {'appName': 'VnExpress', 'appVersion': '9.0.0', 'firstInstallTime': '2022-02-10 15:57:05', 'lastUpdateTime': '2022-02-10 16:18:34', 'packageName': 'fr.playsoft.vnexpress'}, {'appName': 'Handy Cash', 'appVersion': '1.0.0', 'firstInstallTime': '2022-02-17 17:09:38', 'lastUpdateTime': '2022-02-18 09:38:56', 'packageName': 'handy.cash.ph'}, {'appName': 'MoMo', 'appVersion': '3.1.4', 'firstInstallTime': '2022-01-28 14:11:58', 'lastUpdateTime': '2022-01-28 14:11:58', 'packageName': 'com.mservice.momotransfer'}, {'appName': 'PandaVPN', 'appVersion': '6.4.0', 'firstInstallTime': '2022-09-06 09:39:00', 'lastUpdateTime': '2022-09-06 09:39:00', 'packageName': 'com.pandavpn.androidproxy'}, {'appName': 'Care Finance', 'appVersion': '1.1', 'firstInstallTime': '2022-08-03 14:45:12', 'lastUpdateTime': '2022-08-03 14:45:12', 'packageName': 'care.finance'}, {'appName': 'Foxpay', 'appVersion': '2.4.9', 'firstInstallTime': '2022-02-10 16:15:19', 'lastUpdateTime': '2022-02-10 16:15:19', 'packageName': 'com.ftel.foxpay'}, {'appName': 'Hinance', 'appVersion': '1.0.8', 'firstInstallTime': '2022-10-08 18:28:09', 'lastUpdateTime': '2022-10-08 18:28:09', 'packageName': 'com.mx.hinance'}, {'appName': 'ZaloPay', 'appVersion': '7.2.0', 'firstInstallTime': '2022-02-10 16:16:38', 'lastUpdateTime': '2022-02-10 16:16:38', 'packageName': 'vn.com.vng.zalopay'}, {'appName': 'Báo Mới', 'appVersion': '22.01', 'firstInstallTime': '2022-02-10 16:17:58', 'lastUpdateTime': '2022-02-10 16:17:58', 'packageName': 'com.epi'}, {'appName': 'GoldHouse', 'appVersion': '1.0', 'firstInstallTime': '2022-08-17 18:31:18', 'lastUpdateTime': '2022-08-17 18:31:18', 'packageName': 'com.hc.gh'}, {'appName': 'Cây phát tài', 'appVersion': '1.5.8', 'firstInstallTime': '2022-07-25 10:56:16', 'lastUpdateTime': '2022-07-25 10:56:16', 'packageName': 'com.hc.mt'}, {'appName': 'Sendo', 'appVersion': '4.0.44', 'firstInstallTime': '2022-02-10 16:16:10', 'lastUpdateTime': '2022-02-10 16:16:10', 'packageName': 'com.sendo'}, {'appName': 'Support', 'appVersion': '2.5.1', 'firstInstallTime': '2022-09-21 19:06:13', 'lastUpdateTime': '2022-09-21 19:06:13', 'packageName': 'support.ph.com'}, {'appName': 'Ví liên kết', 'appVersion': '1.0.6', 'firstInstallTime': '2022-06-27 17:15:49', 'lastUpdateTime': '2022-06-27 17:15:49', 'packageName': 'com.vietnam.wallet'}, {'appName': 'Shopee', 'appVersion': '2.82.33', 'firstInstallTime': '2022-02-10 16:17:39', 'lastUpdateTime': '2022-02-10 16:17:39', 'packageName': 'com.shopee.vn'}, {'appName': 'Smart Tutor', 'appVersion': '1.5 (build 212)', 'firstInstallTime': '2015-01-01 00:04:45', 'lastUpdateTime': '2015-01-01 00:04:45', 'packageName': 'com.rsupport.rs.activity.rsupport.aas2'}, {'appName': 'Galaxy Gift', 'appVersion': '3.1', 'firstInstallTime': '2015-01-01 00:04:50', 'lastUpdateTime': '2015-01-01 00:04:50', 'packageName': 'com.samsungvietnam.quatanggalaxy'}, {'appName': 'Hiland Credit', 'appVersion': '1.5.8', 'firstInstallTime': '2022-08-31 17:35:38', 'lastUpdateTime': '2022-08-31 17:35:38', 'packageName': 'com.hc.credit'}, {'appName': 'OpenPurse', 'appVersion': '1.0.0', 'firstInstallTime': '2022-09-30 10:28:17', 'lastUpdateTime': '2022-09-30 10:28:17', 'packageName': 'com.mexico.loan.open.purse'}, {'appName': 'Dodo Cash', 'appVersion': '1.0.0', 'firstInstallTime': '2022-07-19 19:02:00', 'lastUpdateTime': '2022-07-19 19:02:00', 'packageName': 'com.dodocash.android'}], 'applyLoanAmount': '750.00', 'attach': [{'attachName': '/upload/image/20221008', 'channel': 'app', 'md5': 'EEE599F98D70FFBC13723AE745195E39', 'newName': '2022100821304451988042.jpeg', 'newPathName': '/upload/image/20221008/2022100821304451988042.jpeg', 'originalAttachName': '/upload/image/20221008', 'originalName': '1665282642516677.jpeg', 'path': '/upload/image/20221008', 'purpose': 'sfzzm', 'size': 6773, 'uploadType': 'image'}, {'attachName': '/upload/image/20221008', 'channel': 'app', 'md5': '5A06625DB80E94064A554A4E66C7EA30', 'newName': '2022100821305252024434.jpeg', 'newPathName': '/upload/image/20221008/2022100821305252024434.jpeg', 'originalAttachName': '/upload/image/20221008', 'originalName': '166528265116280.jpeg', 'path': '/upload/image/20221008', 'purpose': 'sfzfm', 'size': 6769, 'uploadType': 'image'}, {'attachName': '/upload/image/20221008', 'channel': 'app', 'md5': 'D0F4E50BB34810F395B2B8CA1DCC67D0', 'newName': '2022100821333752185605.jpeg', 'newPathName': '/upload/image/20221008/2022100821333752185605.jpeg', 'originalAttachName': '/upload/image/20221008', 'originalName': '166528281559549.jpeg', 'path': '/upload/image/20221008', 'purpose': 'scsfz', 'size': 6840, 'uploadType': 'image'}], 'bank': {'idCard': 'G21508648658548558'}, 'base': {'birthday': '1993-01-01', 'childNum': '1', 'education': '2', 'email': 'hvhhvhh@163.com', 'familyName': 'fade', 'givenName': 'fave', 'idCardNum': 'G21508648658548558', 'instancyContacts': [{'contactName': '13wei(*´I`*)', 'contactPhone': '+529212975512', 'contactRelation': '0', 'lastTime': 0}, {'contactName': '13wei02(／_＼)大怨种', 'contactPhone': '525524064428', 'contactRelation': '2', 'lastTime': 0}], 'maritalStatus': '1', 'middleName': 'here', 'placeAddress': 'hcbh', 'placeCity': '001011', 'placeProvince': '001', 'placeTime': '', 'postalCode': '', 'rfc': '', 'sex': '1', 'sysPlaceAddress': '', 'uname': '', 'whatsApp': '2158635665'}, 'configPayout': 'true', 'customerSource': 'com.mx.hinance', 'firstExpectAmount': '750.00', 'firstExpectDay': '10', 'livenessId': '', 'merchantNo': '01', 'orgNo': 'MEX', 'payoutPaymentConfig': {'bankConfig': {'accountType': {'label': '银行', 'value': '0'}, 'bankCard': '125863866865866866', 'bankType': {'label': 'BANCOMEXT', 'value': '37006'}, 'name': 'fade fave here'}, 'paymentChildKey': {'label': 'Bank', 'value': 'bank'}, 'paymentTypeKey': {'label': 'Bank transfer', 'value': 'bank'}}, 'productNo': 'MEX_01_1_20220927173142', 'promotionChannels': 'googlePlay', 'sign': {'adbEnabled': 1, 'androidId': '4535c1db08e9d00f', 'availableStorage': ' 16.0592GB', 'battery': '48', 'codeName': 'REL', 'cpu': 'armeabi-v7a', 'cpuInfo': '', 'cpuSpeed': '1586000KHz', 'currentWifi': '"HCLOUD-Risk"', 'detailAddress': '', 'deviceLanguage': 'zh', 'deviceMac': 'BC:76:5E:8A:0F:91', 'deviceModel': 'samsung#SM-G610F', 'deviceSerial': '3300fbcb8a7783cb', 'deviceSoftwareVersion': '01', 'deviceVersionType': 'user', 'displayMetrics': '1080,1920', 'fingerPrint': 'samsung/on7xeltedd/on7xelte:8.1.0/M1AJQ/G610FDXS1CTE1:user/release-keys', 'gaid': 'null', 'hardware': 'samsungexynos7870', 'imei': '353415087834233', 'imsi': '', 'inDoor': -1, 'lag': '', 'lng': '', 'locationAddress': '', 'locationCity': '', 'mobileName': 'Galaxy J7 Prime', 'model': 'samsung#SM-G610F', 'networkOperator': '46000', 'networkOperatorName': '', 'networkType': 'wifi', 'operatorName': '', 'os': '8.1.0', 'phoneAvailableRam': ' 0.9205GB', 'phoneCardNum': '', 'phoneOs': 'Android', 'phoneTotalRam': 'MemTotal:        2882568 kB', 'phonecardCount': 0, 'product': 'on7xeltedd', 'radioVersion': 'G610FDDS1CTE2', 'resolutionHeight': '1920', 'resolutionWidth': '1080', 'rooted': 0, 'routerMac': '3c:cd:5d:11:42:30', 'runtimeAvailableMemory': ' 0.1720GB', 'runtimeMaxMemory': ' 0.1875GB', 'simState': 0, 'simulator': 1, 'timeZone': 'GMT+08:00', 'totalStorage': ' 25.3557GB', 'turnOnTime': '2022-09-28 10:10:51', 'uuid': '53454350484f4e455f3030303030303030303030303030303030313632313535', 'uuidOriginal': '[83, 69, 67, 80, 72, 79, 78, 69, 95, 48, 48, 48, 48, 48, 48, 48, 48, 48, 48, 48, 48, 48, 48, 48, 48, 48, 49, 54, 50, 49, 53, 53] '}, 'work': {'income': '4', 'payDay': '10', 'post': '0', 'salaryType': '3', 'secondPayDay': '', 'sourceIncome': '0', 'tel': '', 'workTime': '1'}},
请求结果{'code': -4, 'msg': '通讯录不能为空', 'data': None, 'traceId': '652d3967ad8384ce', 'paginNation': {'total': 0, 'pageNo': 0, 'pageSize': 0, 'pages': 0}, 'success': False}
[2022-11-21 18:44:34,432] - logger_.py] - ERROR: 当前请求的错误: '成功' != '通讯录不能为空'
- 成功
+ 通讯录不能为空

[2022-11-21 18:44:34,432] - logger_.py] - DEBUG: ================================结束================================

[2022-11-21 18:58:21,129] - logger_.py] - DEBUG: ================================开始================================
[2022-11-21 18:58:21,154] - logger_.py] - DEBUG: 
当前请求接口是: 存储注册时的设备信息(注册成功后调首页登录)saveDeviceInfo,
请求参数: {'adbEnabled': 0, 'androidId': 'b109171b35c94873', 'availableStorage': ' 37.3796GB', 'battery': '81', 'codeName': 'REL', 'cpu': 'arm64-v8a', 'cpuInfo': ' ', 'cpuSpeed': '1989000KHz', 'currentWifi': '"HAI-IT-5G"', 'detailAddress': '', 'deviceLanguage': 'zh', 'deviceMac': 'D0:D2:C4:2F:54:3D', 'deviceModel': 'OPPO#CPH1825', 'deviceSerial': 'PR7TQS9SPZY5IN5T', 'deviceSoftwareVersion': '11', 'deviceVersionType': 'user', 'displayMetrics': '1080,2196', 'fingerPrint': 'OPPO/CPH1825/CPH1825:8.1.0/O11019/1539160089:user/release-keys', 'gaid': 'null', 'hardware': 'mt6771', 'imei': '354310678254322', 'imsi': '452050408783768', 'inDoor': -1, 'lag': '', 'lng': '', 'locationAddress': '', 'locationCity': '', 'mobileName': 'OPPO F9 Pro', 'model': 'OPPO#CPH1825', 'networkOperator': '', 'networkOperatorName': '', 'networkType': 'wifi', 'operatorName': '中国移动,无服务', 'os': '8.1.0', 'phoneAvailableRam': ' 3.4562GB', 'phoneCardNum': '', 'phoneOs': 'Android', 'phoneTotalRam': 'MemTotal:        5850108 kB', 'phonecardCount': 2, 'product': 'CPH1825', 'radioVersion': 'M_V3_P10,M_V3_P10', 'resolutionHeight': '2196', 'resolutionWidth': '1080', 'rooted': 0, 'routerMac': 'f4:a4:d6:56:f9:94', 'runtimeAvailableMemory': ' 0.3583GB', 'runtimeMaxMemory': ' 0.3750GB', 'simState': 1, 'simulator': 0, 'timeZone': 'GMT+08:00', 'totalStorage': ' 50.1089GB', 'turnOnTime': '2022-10-18 09:33:08', 'uuid': 'ba8a3ffc973faaea0009ef8aaf2f55fe4b271152a89d93aa36616ae1dbcf4ae0', 'uuidOriginal': '[-70, -118, 63, -4, -105, 63, -86, -22, 0, 9, -17, -118, -81, 47, 85, -2, 75, 39, 17, 82, -88, -99, -109, -86, 54, 97, 106, -31, -37, -49, 74, -32]'},
请求结果{'code': 0, 'msg': '成功', 'data': None, 'traceId': '5f8525aa40cf934c', 'paginNation': {'total': 0, 'pageNo': 0, 'pageSize': 0, 'pages': 0}, 'success': True}
[2022-11-21 18:58:21,155] - logger_.py] - DEBUG: ================================结束================================

[2022-11-21 18:58:21,156] - logger_.py] - DEBUG: ================================开始================================
[2022-11-21 18:58:21,181] - logger_.py] - DEBUG: 
当前请求接口是: 上传通讯录:AddressBook,
请求参数: [{'contactName': 'Licenciado', 'contactPhone': '+52 449 480 7440', 'contactRelation': '', 'lastTime': 1661998796390}, {'contactName': '1422firstcash', 'contactPhone': '+52 449 482 0252', 'contactRelation': '', 'lastTime': 1661998844242}, {'contactName': 'Vicente Ortiz', 'contactPhone': '+52 449 496 9413', 'contactRelation': '', 'lastTime': 1661998880584}, {'contactName': 'Orestamo', 'contactPhone': '+52 449 507 7179', 'contactRelation': '', 'lastTime': 1661999049347}, {'contactName': 'Aquella', 'contactPhone': '+52 449 512 8518', 'contactRelation': '', 'lastTime': 1661999077020}, {'contactName': 'Cash', 'contactPhone': '+52 449 514 7208', 'contactRelation': '', 'lastTime': 1661999122287}],
请求结果{'code': 0, 'msg': '成功', 'data': None, 'traceId': '36bd3882029d8d21', 'paginNation': {'total': 0, 'pageNo': 0, 'pageSize': 0, 'pages': 0}, 'success': True}
[2022-11-21 18:58:21,182] - logger_.py] - DEBUG: ================================结束================================

[2022-11-21 18:58:21,182] - logger_.py] - DEBUG: ================================开始================================
[2022-11-21 18:58:21,324] - logger_.py] - DEBUG: 
当前请求接口是: 查询最大可借天数：queryAvailableProduct,
请求参数: {'dayRate': '0.77', 'expectedInstallment': '0', 'isNew': '1', 'merchantNo': '01', 'orgNo': 'MEX', 'prductPayAmountMax': '1300', 'prductPayAmountMin': '300', 'productAmount': '0', 'productFastPayTime': '50', 'productIntroduce': 'testhhh', 'productLoanTerm': '1', 'productName': 'Préstamos seguros', 'productNo': '', 'productPictureUrl': '/upload/image/20220803/2022080301312987180381.png', 'productTerm': '0', 'showPeriod': '0', 'userExpectedAmount': '0', 'userExpectedTerm': '0'},
请求结果{'code': 0, 'msg': '成功', 'data': [{'maxLoanAmount': 750.0, 'loanDay': 10, 'installmentNum': 1, 'fistInstallmentDays': 10, 'productNo': 'MEX_01_1_20220927173142'}], 'traceId': '5e52b2540ec5a5f7', 'paginNation': {'total': 0, 'pageNo': 0, 'pageSize': 0, 'pages': 0}, 'success': True}
[2022-11-21 18:58:21,324] - logger_.py] - DEBUG: ================================结束================================

[2022-11-21 18:58:21,325] - logger_.py] - DEBUG: ================================开始================================
[2022-11-21 18:58:21,414] - logger_.py] - DEBUG: 当前接口：提交借款申请：submitOneProduct,响应结果通讯录不能为空,错误id：563677cbdeffdbea
[2022-11-21 18:58:21,416] - logger_.py] - INFO: 当前接口：提交借款申请：submitOneProduct,响应结果通讯录不能为空,错误id：563677cbdeffdbea
[2022-11-21 18:58:21,417] - logger_.py] - ERROR: 
当前请求接口是: 提交借款申请：submitOneProduct,
请求参数: {'appList': [{'appName': 'MoonVay', 'appVersion': '1.0.5', 'firstInstallTime': '2022-05-16 10:00:43', 'lastUpdateTime': '2022-05-16 10:00:43', 'packageName': 'app.moon.vay'}, {'appName': 'VayHome', 'appVersion': '2.2.8', 'firstInstallTime': '2022-08-01 11:19:09', 'lastUpdateTime': '2022-08-01 11:19:09', 'packageName': 'com.hc.market'}, {'appName': 'Cola Credit', 'appVersion': '1.0.3', 'firstInstallTime': '2022-06-15 09:54:28', 'lastUpdateTime': '2022-06-15 09:54:28', 'packageName': 'com.vicola.credit'}, {'appName': 'Loan Quick', 'appVersion': '1.0.9', 'firstInstallTime': '2022-09-28 16:15:57', 'lastUpdateTime': '2022-09-28 16:15:57', 'packageName': 'com.loan.quick'}, {'appName': '蓝灯', 'appVersion': '6.8.10 (20210920.160125)', 'firstInstallTime': '2022-02-10 16:25:10', 'lastUpdateTime': '2022-02-10 16:25:10', 'packageName': 'org.getlantern.lantern'}, {'appName': '搜狗输入法', 'appVersion': '11.3', 'firstInstallTime': '2022-05-10 17:06:04', 'lastUpdateTime': '2022-05-10 17:06:04', 'packageName': 'com.sohu.inputmethod.sogou'}, {'appName': 'Vietnamese Spam Filtering Engine', 'appVersion': '1.0.6', 'firstInstallTime': '2015-01-01 00:04:47', 'lastUpdateTime': '2015-01-01 00:04:47', 'packageName': 'com.svmc.spamengine'}, {'appName': 'Sky Pesa', 'appVersion': '1.0.7', 'firstInstallTime': '2022-06-24 11:50:38', 'lastUpdateTime': '2022-06-24 11:50:38', 'packageName': 'sky.pesa'}, {'appName': 'GoldFish88', 'appVersion': '2.1.1', 'firstInstallTime': '2022-02-10 16:15:41', 'lastUpdateTime': '2022-02-10 16:15:41', 'packageName': 'com.goldfish88.club'}, {'appName': 'Cash Star', 'appVersion': '1.0', 'firstInstallTime': '2022-09-22 12:18:00', 'lastUpdateTime': '2022-09-22 12:18:00', 'packageName': 'com.ph.cashstar'}, {'appName': 'mex_af_test', 'appVersion': '1.0.8', 'firstInstallTime': '2022-10-08 12:12:29', 'lastUpdateTime': '2022-10-08 12:12:29', 'packageName': 'mex.af.test'}, {'appName': 'Vay Dễ', 'appVersion': '2.0.3', 'firstInstallTime': '2022-01-17 12:18:37', 'lastUpdateTime': '2022-01-17 12:18:37', 'packageName': 'com.vn.easycash'}, {'appName': 'com.samsung.updatecarriermatch', 'appVersion': '1.0.5', 'firstInstallTime': '2015-01-01 00:04:37', 'lastUpdateTime': '2015-01-01 00:04:37', 'packageName': 'com.samsung.updatecarriermatch'}, {'appName': '贴吧极速版', 'appVersion': '9.1.0.0', 'firstInstallTime': '2022-07-22 16:45:32', 'lastUpdateTime': '2022-07-22 16:45:32', 'packageName': 'com.baidu.tieba_mini'}, {'appName': 'Vysor', 'appVersion': '4.1.58', 'firstInstallTime': '2022-04-28 16:20:45', 'lastUpdateTime': '2022-04-28 16:20:45', 'packageName': 'com.koushikdutta.vysor'}, {'appName': 'V-Credit', 'appVersion': '1.0.3', 'firstInstallTime': '2022-02-10 18:13:38', 'lastUpdateTime': '2022-02-10 18:13:38', 'packageName': 'com.vi.vcredit'}, {'appName': 'Tiki', 'appVersion': '4.91.2', 'firstInstallTime': '2022-02-10 16:17:02', 'lastUpdateTime': '2022-02-10 16:17:02', 'packageName': 'vn.tiki.app.tikiandroid'}, {'appName': '生活钱包', 'appVersion': '1.0.3', 'firstInstallTime': '2022-09-26 11:10:09', 'lastUpdateTime': '2022-09-26 11:10:09', 'packageName': 'com.life.wallet'}, {'appName': 'VnExpress', 'appVersion': '9.0.0', 'firstInstallTime': '2022-02-10 15:57:05', 'lastUpdateTime': '2022-02-10 16:18:34', 'packageName': 'fr.playsoft.vnexpress'}, {'appName': 'Handy Cash', 'appVersion': '1.0.0', 'firstInstallTime': '2022-02-17 17:09:38', 'lastUpdateTime': '2022-02-18 09:38:56', 'packageName': 'handy.cash.ph'}, {'appName': 'MoMo', 'appVersion': '3.1.4', 'firstInstallTime': '2022-01-28 14:11:58', 'lastUpdateTime': '2022-01-28 14:11:58', 'packageName': 'com.mservice.momotransfer'}, {'appName': 'PandaVPN', 'appVersion': '6.4.0', 'firstInstallTime': '2022-09-06 09:39:00', 'lastUpdateTime': '2022-09-06 09:39:00', 'packageName': 'com.pandavpn.androidproxy'}, {'appName': 'Care Finance', 'appVersion': '1.1', 'firstInstallTime': '2022-08-03 14:45:12', 'lastUpdateTime': '2022-08-03 14:45:12', 'packageName': 'care.finance'}, {'appName': 'Foxpay', 'appVersion': '2.4.9', 'firstInstallTime': '2022-02-10 16:15:19', 'lastUpdateTime': '2022-02-10 16:15:19', 'packageName': 'com.ftel.foxpay'}, {'appName': 'Hinance', 'appVersion': '1.0.8', 'firstInstallTime': '2022-10-08 18:28:09', 'lastUpdateTime': '2022-10-08 18:28:09', 'packageName': 'com.mx.hinance'}, {'appName': 'ZaloPay', 'appVersion': '7.2.0', 'firstInstallTime': '2022-02-10 16:16:38', 'lastUpdateTime': '2022-02-10 16:16:38', 'packageName': 'vn.com.vng.zalopay'}, {'appName': 'Báo Mới', 'appVersion': '22.01', 'firstInstallTime': '2022-02-10 16:17:58', 'lastUpdateTime': '2022-02-10 16:17:58', 'packageName': 'com.epi'}, {'appName': 'GoldHouse', 'appVersion': '1.0', 'firstInstallTime': '2022-08-17 18:31:18', 'lastUpdateTime': '2022-08-17 18:31:18', 'packageName': 'com.hc.gh'}, {'appName': 'Cây phát tài', 'appVersion': '1.5.8', 'firstInstallTime': '2022-07-25 10:56:16', 'lastUpdateTime': '2022-07-25 10:56:16', 'packageName': 'com.hc.mt'}, {'appName': 'Sendo', 'appVersion': '4.0.44', 'firstInstallTime': '2022-02-10 16:16:10', 'lastUpdateTime': '2022-02-10 16:16:10', 'packageName': 'com.sendo'}, {'appName': 'Support', 'appVersion': '2.5.1', 'firstInstallTime': '2022-09-21 19:06:13', 'lastUpdateTime': '2022-09-21 19:06:13', 'packageName': 'support.ph.com'}, {'appName': 'Ví liên kết', 'appVersion': '1.0.6', 'firstInstallTime': '2022-06-27 17:15:49', 'lastUpdateTime': '2022-06-27 17:15:49', 'packageName': 'com.vietnam.wallet'}, {'appName': 'Shopee', 'appVersion': '2.82.33', 'firstInstallTime': '2022-02-10 16:17:39', 'lastUpdateTime': '2022-02-10 16:17:39', 'packageName': 'com.shopee.vn'}, {'appName': 'Smart Tutor', 'appVersion': '1.5 (build 212)', 'firstInstallTime': '2015-01-01 00:04:45', 'lastUpdateTime': '2015-01-01 00:04:45', 'packageName': 'com.rsupport.rs.activity.rsupport.aas2'}, {'appName': 'Galaxy Gift', 'appVersion': '3.1', 'firstInstallTime': '2015-01-01 00:04:50', 'lastUpdateTime': '2015-01-01 00:04:50', 'packageName': 'com.samsungvietnam.quatanggalaxy'}, {'appName': 'Hiland Credit', 'appVersion': '1.5.8', 'firstInstallTime': '2022-08-31 17:35:38', 'lastUpdateTime': '2022-08-31 17:35:38', 'packageName': 'com.hc.credit'}, {'appName': 'OpenPurse', 'appVersion': '1.0.0', 'firstInstallTime': '2022-09-30 10:28:17', 'lastUpdateTime': '2022-09-30 10:28:17', 'packageName': 'com.mexico.loan.open.purse'}, {'appName': 'Dodo Cash', 'appVersion': '1.0.0', 'firstInstallTime': '2022-07-19 19:02:00', 'lastUpdateTime': '2022-07-19 19:02:00', 'packageName': 'com.dodocash.android'}], 'applyLoanAmount': '750.00', 'attach': [{'attachName': '/upload/image/20221008', 'channel': 'app', 'md5': 'EEE599F98D70FFBC13723AE745195E39', 'newName': '2022100821304451988042.jpeg', 'newPathName': '/upload/image/20221008/2022100821304451988042.jpeg', 'originalAttachName': '/upload/image/20221008', 'originalName': '1665282642516677.jpeg', 'path': '/upload/image/20221008', 'purpose': 'sfzzm', 'size': 6773, 'uploadType': 'image'}, {'attachName': '/upload/image/20221008', 'channel': 'app', 'md5': '5A06625DB80E94064A554A4E66C7EA30', 'newName': '2022100821305252024434.jpeg', 'newPathName': '/upload/image/20221008/2022100821305252024434.jpeg', 'originalAttachName': '/upload/image/20221008', 'originalName': '166528265116280.jpeg', 'path': '/upload/image/20221008', 'purpose': 'sfzfm', 'size': 6769, 'uploadType': 'image'}, {'attachName': '/upload/image/20221008', 'channel': 'app', 'md5': 'D0F4E50BB34810F395B2B8CA1DCC67D0', 'newName': '2022100821333752185605.jpeg', 'newPathName': '/upload/image/20221008/2022100821333752185605.jpeg', 'originalAttachName': '/upload/image/20221008', 'originalName': '166528281559549.jpeg', 'path': '/upload/image/20221008', 'purpose': 'scsfz', 'size': 6840, 'uploadType': 'image'}], 'bank': {'idCard': 'G21508648658548558'}, 'base': {'birthday': '1993-01-01', 'childNum': '1', 'education': '2', 'email': 'hvhhvhh@163.com', 'familyName': 'fade', 'givenName': 'fave', 'idCardNum': 'G21508648658548558', 'instancyContacts': [{'contactName': '13wei(*´I`*)', 'contactPhone': '+529212975512', 'contactRelation': '0', 'lastTime': 0}, {'contactName': '13wei02(／_＼)大怨种', 'contactPhone': '525524064428', 'contactRelation': '2', 'lastTime': 0}], 'maritalStatus': '1', 'middleName': 'here', 'placeAddress': 'hcbh', 'placeCity': '001011', 'placeProvince': '001', 'placeTime': '', 'postalCode': '', 'rfc': '', 'sex': '1', 'sysPlaceAddress': '', 'uname': '', 'whatsApp': '2158635665'}, 'configPayout': 'true', 'customerSource': 'com.mx.hinance', 'firstExpectAmount': '750.00', 'firstExpectDay': '10', 'livenessId': '', 'merchantNo': '01', 'orgNo': 'MEX', 'payoutPaymentConfig': {'bankConfig': {'accountType': {'label': '银行', 'value': '0'}, 'bankCard': '125863866865866866', 'bankType': {'label': 'BANCOMEXT', 'value': '37006'}, 'name': 'fade fave here'}, 'paymentChildKey': {'label': 'Bank', 'value': 'bank'}, 'paymentTypeKey': {'label': 'Bank transfer', 'value': 'bank'}}, 'productNo': 'MEX_01_1_20220927173142', 'promotionChannels': 'googlePlay', 'sign': {'adbEnabled': 1, 'androidId': '4535c1db08e9d00f', 'availableStorage': ' 16.0592GB', 'battery': '48', 'codeName': 'REL', 'cpu': 'armeabi-v7a', 'cpuInfo': '', 'cpuSpeed': '1586000KHz', 'currentWifi': '"HCLOUD-Risk"', 'detailAddress': '', 'deviceLanguage': 'zh', 'deviceMac': 'BC:76:5E:8A:0F:91', 'deviceModel': 'samsung#SM-G610F', 'deviceSerial': '3300fbcb8a7783cb', 'deviceSoftwareVersion': '01', 'deviceVersionType': 'user', 'displayMetrics': '1080,1920', 'fingerPrint': 'samsung/on7xeltedd/on7xelte:8.1.0/M1AJQ/G610FDXS1CTE1:user/release-keys', 'gaid': 'null', 'hardware': 'samsungexynos7870', 'imei': '353415087834233', 'imsi': '', 'inDoor': -1, 'lag': '', 'lng': '', 'locationAddress': '', 'locationCity': '', 'mobileName': 'Galaxy J7 Prime', 'model': 'samsung#SM-G610F', 'networkOperator': '46000', 'networkOperatorName': '', 'networkType': 'wifi', 'operatorName': '', 'os': '8.1.0', 'phoneAvailableRam': ' 0.9205GB', 'phoneCardNum': '', 'phoneOs': 'Android', 'phoneTotalRam': 'MemTotal:        2882568 kB', 'phonecardCount': 0, 'product': 'on7xeltedd', 'radioVersion': 'G610FDDS1CTE2', 'resolutionHeight': '1920', 'resolutionWidth': '1080', 'rooted': 0, 'routerMac': '3c:cd:5d:11:42:30', 'runtimeAvailableMemory': ' 0.1720GB', 'runtimeMaxMemory': ' 0.1875GB', 'simState': 0, 'simulator': 1, 'timeZone': 'GMT+08:00', 'totalStorage': ' 25.3557GB', 'turnOnTime': '2022-09-28 10:10:51', 'uuid': '53454350484f4e455f3030303030303030303030303030303030313632313535', 'uuidOriginal': '[83, 69, 67, 80, 72, 79, 78, 69, 95, 48, 48, 48, 48, 48, 48, 48, 48, 48, 48, 48, 48, 48, 48, 48, 48, 48, 49, 54, 50, 49, 53, 53] '}, 'work': {'income': '4', 'payDay': '10', 'post': '0', 'salaryType': '3', 'secondPayDay': '', 'sourceIncome': '0', 'tel': '', 'workTime': '1'}},
请求结果{'code': -4, 'msg': '通讯录不能为空', 'data': None, 'traceId': '563677cbdeffdbea', 'paginNation': {'total': 0, 'pageNo': 0, 'pageSize': 0, 'pages': 0}, 'success': False}
[2022-11-21 18:58:21,434] - logger_.py] - ERROR: 当前请求的错误: '成功' != '通讯录不能为空'
- 成功
+ 通讯录不能为空

[2022-11-21 18:58:21,435] - logger_.py] - DEBUG: ================================结束================================

[2022-11-21 19:01:45,358] - logger_.py] - DEBUG: ================================开始================================
[2022-11-21 19:01:45,372] - logger_.py] - DEBUG: 
当前请求接口是: 存储注册时的设备信息(注册成功后调首页登录)saveDeviceInfo,
请求参数: {'adbEnabled': 0, 'androidId': 'b109171b35c94873', 'availableStorage': ' 37.3796GB', 'battery': '81', 'codeName': 'REL', 'cpu': 'arm64-v8a', 'cpuInfo': ' ', 'cpuSpeed': '1989000KHz', 'currentWifi': '"HAI-IT-5G"', 'detailAddress': '', 'deviceLanguage': 'zh', 'deviceMac': 'D0:D2:C4:2F:54:3D', 'deviceModel': 'OPPO#CPH1825', 'deviceSerial': 'PR7TQS9SPZY5IN5T', 'deviceSoftwareVersion': '11', 'deviceVersionType': 'user', 'displayMetrics': '1080,2196', 'fingerPrint': 'OPPO/CPH1825/CPH1825:8.1.0/O11019/1539160089:user/release-keys', 'gaid': 'null', 'hardware': 'mt6771', 'imei': '354310678254322', 'imsi': '452050408783768', 'inDoor': -1, 'lag': '', 'lng': '', 'locationAddress': '', 'locationCity': '', 'mobileName': 'OPPO F9 Pro', 'model': 'OPPO#CPH1825', 'networkOperator': '', 'networkOperatorName': '', 'networkType': 'wifi', 'operatorName': '中国移动,无服务', 'os': '8.1.0', 'phoneAvailableRam': ' 3.4562GB', 'phoneCardNum': '', 'phoneOs': 'Android', 'phoneTotalRam': 'MemTotal:        5850108 kB', 'phonecardCount': 2, 'product': 'CPH1825', 'radioVersion': 'M_V3_P10,M_V3_P10', 'resolutionHeight': '2196', 'resolutionWidth': '1080', 'rooted': 0, 'routerMac': 'f4:a4:d6:56:f9:94', 'runtimeAvailableMemory': ' 0.3583GB', 'runtimeMaxMemory': ' 0.3750GB', 'simState': 1, 'simulator': 0, 'timeZone': 'GMT+08:00', 'totalStorage': ' 50.1089GB', 'turnOnTime': '2022-10-18 09:33:08', 'uuid': 'ba8a3ffc973faaea0009ef8aaf2f55fe4b271152a89d93aa36616ae1dbcf4ae0', 'uuidOriginal': '[-70, -118, 63, -4, -105, 63, -86, -22, 0, 9, -17, -118, -81, 47, 85, -2, 75, 39, 17, 82, -88, -99, -109, -86, 54, 97, 106, -31, -37, -49, 74, -32]'},
请求结果{'code': 0, 'msg': '成功', 'data': None, 'traceId': '645006e658a66233', 'paginNation': {'total': 0, 'pageNo': 0, 'pageSize': 0, 'pages': 0}, 'success': True}
[2022-11-21 19:01:45,373] - logger_.py] - DEBUG: ================================结束================================

[2022-11-21 19:01:45,374] - logger_.py] - DEBUG: ================================开始================================
[2022-11-21 19:01:45,451] - logger_.py] - DEBUG: 
当前请求接口是: 上传通讯录:AddressBook,
请求参数: [{'contactName': 'Licenciado', 'contactPhone': '+52 449 480 7440', 'contactRelation': '', 'lastTime': 1661998796390}, {'contactName': '1422firstcash', 'contactPhone': '+52 449 482 0252', 'contactRelation': '', 'lastTime': 1661998844242}, {'contactName': 'Vicente Ortiz', 'contactPhone': '+52 449 496 9413', 'contactRelation': '', 'lastTime': 1661998880584}, {'contactName': 'Orestamo', 'contactPhone': '+52 449 507 7179', 'contactRelation': '', 'lastTime': 1661999049347}, {'contactName': 'Aquella', 'contactPhone': '+52 449 512 8518', 'contactRelation': '', 'lastTime': 1661999077020}, {'contactName': 'Cash', 'contactPhone': '+52 449 514 7208', 'contactRelation': '', 'lastTime': 1661999122287}],
请求结果{'code': 0, 'msg': '成功', 'data': None, 'traceId': 'd02431af7c5f27c3', 'paginNation': {'total': 0, 'pageNo': 0, 'pageSize': 0, 'pages': 0}, 'success': True}
[2022-11-21 19:01:45,452] - logger_.py] - DEBUG: ================================结束================================

[2022-11-21 19:01:45,452] - logger_.py] - DEBUG: ================================开始================================
[2022-11-21 19:01:45,573] - logger_.py] - DEBUG: 
当前请求接口是: 查询最大可借天数：queryAvailableProduct,
请求参数: {'dayRate': '0.77', 'expectedInstallment': '0', 'isNew': '1', 'merchantNo': '01', 'orgNo': 'MEX', 'prductPayAmountMax': '1300', 'prductPayAmountMin': '300', 'productAmount': '0', 'productFastPayTime': '50', 'productIntroduce': 'testhhh', 'productLoanTerm': '1', 'productName': 'Préstamos seguros', 'productNo': '', 'productPictureUrl': '/upload/image/20220803/2022080301312987180381.png', 'productTerm': '0', 'showPeriod': '0', 'userExpectedAmount': '0', 'userExpectedTerm': '0'},
请求结果{'code': 0, 'msg': '成功', 'data': [{'maxLoanAmount': 750.0, 'loanDay': 10, 'installmentNum': 1, 'fistInstallmentDays': 10, 'productNo': 'MEX_01_1_20220927173142'}], 'traceId': 'fa4c0822949a8078', 'paginNation': {'total': 0, 'pageNo': 0, 'pageSize': 0, 'pages': 0}, 'success': True}
[2022-11-21 19:01:45,575] - logger_.py] - DEBUG: ================================结束================================

[2022-11-21 19:01:45,575] - logger_.py] - DEBUG: ================================开始================================
[2022-11-21 19:01:45,805] - logger_.py] - DEBUG: 当前接口：提交借款申请：submitOneProduct,响应结果通讯录不能为空,错误id：d817dc037ced2905
[2022-11-21 19:01:45,807] - logger_.py] - INFO: 当前接口：提交借款申请：submitOneProduct,响应结果通讯录不能为空,错误id：d817dc037ced2905
[2022-11-21 19:01:45,808] - logger_.py] - ERROR: 
当前请求接口是: 提交借款申请：submitOneProduct,
请求参数: {'appList': [{'appName': 'MoonVay', 'appVersion': '1.0.5', 'firstInstallTime': '2022-05-16 10:00:43', 'lastUpdateTime': '2022-05-16 10:00:43', 'packageName': 'app.moon.vay'}, {'appName': 'VayHome', 'appVersion': '2.2.8', 'firstInstallTime': '2022-08-01 11:19:09', 'lastUpdateTime': '2022-08-01 11:19:09', 'packageName': 'com.hc.market'}, {'appName': 'Cola Credit', 'appVersion': '1.0.3', 'firstInstallTime': '2022-06-15 09:54:28', 'lastUpdateTime': '2022-06-15 09:54:28', 'packageName': 'com.vicola.credit'}, {'appName': 'Loan Quick', 'appVersion': '1.0.9', 'firstInstallTime': '2022-09-28 16:15:57', 'lastUpdateTime': '2022-09-28 16:15:57', 'packageName': 'com.loan.quick'}, {'appName': '蓝灯', 'appVersion': '6.8.10 (20210920.160125)', 'firstInstallTime': '2022-02-10 16:25:10', 'lastUpdateTime': '2022-02-10 16:25:10', 'packageName': 'org.getlantern.lantern'}, {'appName': '搜狗输入法', 'appVersion': '11.3', 'firstInstallTime': '2022-05-10 17:06:04', 'lastUpdateTime': '2022-05-10 17:06:04', 'packageName': 'com.sohu.inputmethod.sogou'}, {'appName': 'Vietnamese Spam Filtering Engine', 'appVersion': '1.0.6', 'firstInstallTime': '2015-01-01 00:04:47', 'lastUpdateTime': '2015-01-01 00:04:47', 'packageName': 'com.svmc.spamengine'}, {'appName': 'Sky Pesa', 'appVersion': '1.0.7', 'firstInstallTime': '2022-06-24 11:50:38', 'lastUpdateTime': '2022-06-24 11:50:38', 'packageName': 'sky.pesa'}, {'appName': 'GoldFish88', 'appVersion': '2.1.1', 'firstInstallTime': '2022-02-10 16:15:41', 'lastUpdateTime': '2022-02-10 16:15:41', 'packageName': 'com.goldfish88.club'}, {'appName': 'Cash Star', 'appVersion': '1.0', 'firstInstallTime': '2022-09-22 12:18:00', 'lastUpdateTime': '2022-09-22 12:18:00', 'packageName': 'com.ph.cashstar'}, {'appName': 'mex_af_test', 'appVersion': '1.0.8', 'firstInstallTime': '2022-10-08 12:12:29', 'lastUpdateTime': '2022-10-08 12:12:29', 'packageName': 'mex.af.test'}, {'appName': 'Vay Dễ', 'appVersion': '2.0.3', 'firstInstallTime': '2022-01-17 12:18:37', 'lastUpdateTime': '2022-01-17 12:18:37', 'packageName': 'com.vn.easycash'}, {'appName': 'com.samsung.updatecarriermatch', 'appVersion': '1.0.5', 'firstInstallTime': '2015-01-01 00:04:37', 'lastUpdateTime': '2015-01-01 00:04:37', 'packageName': 'com.samsung.updatecarriermatch'}, {'appName': '贴吧极速版', 'appVersion': '9.1.0.0', 'firstInstallTime': '2022-07-22 16:45:32', 'lastUpdateTime': '2022-07-22 16:45:32', 'packageName': 'com.baidu.tieba_mini'}, {'appName': 'Vysor', 'appVersion': '4.1.58', 'firstInstallTime': '2022-04-28 16:20:45', 'lastUpdateTime': '2022-04-28 16:20:45', 'packageName': 'com.koushikdutta.vysor'}, {'appName': 'V-Credit', 'appVersion': '1.0.3', 'firstInstallTime': '2022-02-10 18:13:38', 'lastUpdateTime': '2022-02-10 18:13:38', 'packageName': 'com.vi.vcredit'}, {'appName': 'Tiki', 'appVersion': '4.91.2', 'firstInstallTime': '2022-02-10 16:17:02', 'lastUpdateTime': '2022-02-10 16:17:02', 'packageName': 'vn.tiki.app.tikiandroid'}, {'appName': '生活钱包', 'appVersion': '1.0.3', 'firstInstallTime': '2022-09-26 11:10:09', 'lastUpdateTime': '2022-09-26 11:10:09', 'packageName': 'com.life.wallet'}, {'appName': 'VnExpress', 'appVersion': '9.0.0', 'firstInstallTime': '2022-02-10 15:57:05', 'lastUpdateTime': '2022-02-10 16:18:34', 'packageName': 'fr.playsoft.vnexpress'}, {'appName': 'Handy Cash', 'appVersion': '1.0.0', 'firstInstallTime': '2022-02-17 17:09:38', 'lastUpdateTime': '2022-02-18 09:38:56', 'packageName': 'handy.cash.ph'}, {'appName': 'MoMo', 'appVersion': '3.1.4', 'firstInstallTime': '2022-01-28 14:11:58', 'lastUpdateTime': '2022-01-28 14:11:58', 'packageName': 'com.mservice.momotransfer'}, {'appName': 'PandaVPN', 'appVersion': '6.4.0', 'firstInstallTime': '2022-09-06 09:39:00', 'lastUpdateTime': '2022-09-06 09:39:00', 'packageName': 'com.pandavpn.androidproxy'}, {'appName': 'Care Finance', 'appVersion': '1.1', 'firstInstallTime': '2022-08-03 14:45:12', 'lastUpdateTime': '2022-08-03 14:45:12', 'packageName': 'care.finance'}, {'appName': 'Foxpay', 'appVersion': '2.4.9', 'firstInstallTime': '2022-02-10 16:15:19', 'lastUpdateTime': '2022-02-10 16:15:19', 'packageName': 'com.ftel.foxpay'}, {'appName': 'Hinance', 'appVersion': '1.0.8', 'firstInstallTime': '2022-10-08 18:28:09', 'lastUpdateTime': '2022-10-08 18:28:09', 'packageName': 'com.mx.hinance'}, {'appName': 'ZaloPay', 'appVersion': '7.2.0', 'firstInstallTime': '2022-02-10 16:16:38', 'lastUpdateTime': '2022-02-10 16:16:38', 'packageName': 'vn.com.vng.zalopay'}, {'appName': 'Báo Mới', 'appVersion': '22.01', 'firstInstallTime': '2022-02-10 16:17:58', 'lastUpdateTime': '2022-02-10 16:17:58', 'packageName': 'com.epi'}, {'appName': 'GoldHouse', 'appVersion': '1.0', 'firstInstallTime': '2022-08-17 18:31:18', 'lastUpdateTime': '2022-08-17 18:31:18', 'packageName': 'com.hc.gh'}, {'appName': 'Cây phát tài', 'appVersion': '1.5.8', 'firstInstallTime': '2022-07-25 10:56:16', 'lastUpdateTime': '2022-07-25 10:56:16', 'packageName': 'com.hc.mt'}, {'appName': 'Sendo', 'appVersion': '4.0.44', 'firstInstallTime': '2022-02-10 16:16:10', 'lastUpdateTime': '2022-02-10 16:16:10', 'packageName': 'com.sendo'}, {'appName': 'Support', 'appVersion': '2.5.1', 'firstInstallTime': '2022-09-21 19:06:13', 'lastUpdateTime': '2022-09-21 19:06:13', 'packageName': 'support.ph.com'}, {'appName': 'Ví liên kết', 'appVersion': '1.0.6', 'firstInstallTime': '2022-06-27 17:15:49', 'lastUpdateTime': '2022-06-27 17:15:49', 'packageName': 'com.vietnam.wallet'}, {'appName': 'Shopee', 'appVersion': '2.82.33', 'firstInstallTime': '2022-02-10 16:17:39', 'lastUpdateTime': '2022-02-10 16:17:39', 'packageName': 'com.shopee.vn'}, {'appName': 'Smart Tutor', 'appVersion': '1.5 (build 212)', 'firstInstallTime': '2015-01-01 00:04:45', 'lastUpdateTime': '2015-01-01 00:04:45', 'packageName': 'com.rsupport.rs.activity.rsupport.aas2'}, {'appName': 'Galaxy Gift', 'appVersion': '3.1', 'firstInstallTime': '2015-01-01 00:04:50', 'lastUpdateTime': '2015-01-01 00:04:50', 'packageName': 'com.samsungvietnam.quatanggalaxy'}, {'appName': 'Hiland Credit', 'appVersion': '1.5.8', 'firstInstallTime': '2022-08-31 17:35:38', 'lastUpdateTime': '2022-08-31 17:35:38', 'packageName': 'com.hc.credit'}, {'appName': 'OpenPurse', 'appVersion': '1.0.0', 'firstInstallTime': '2022-09-30 10:28:17', 'lastUpdateTime': '2022-09-30 10:28:17', 'packageName': 'com.mexico.loan.open.purse'}, {'appName': 'Dodo Cash', 'appVersion': '1.0.0', 'firstInstallTime': '2022-07-19 19:02:00', 'lastUpdateTime': '2022-07-19 19:02:00', 'packageName': 'com.dodocash.android'}], 'applyLoanAmount': '750.00', 'attach': [{'attachName': '/upload/image/20221008', 'channel': 'app', 'md5': 'EEE599F98D70FFBC13723AE745195E39', 'newName': '2022100821304451988042.jpeg', 'newPathName': '/upload/image/20221008/2022100821304451988042.jpeg', 'originalAttachName': '/upload/image/20221008', 'originalName': '1665282642516677.jpeg', 'path': '/upload/image/20221008', 'purpose': 'sfzzm', 'size': 6773, 'uploadType': 'image'}, {'attachName': '/upload/image/20221008', 'channel': 'app', 'md5': '5A06625DB80E94064A554A4E66C7EA30', 'newName': '2022100821305252024434.jpeg', 'newPathName': '/upload/image/20221008/2022100821305252024434.jpeg', 'originalAttachName': '/upload/image/20221008', 'originalName': '166528265116280.jpeg', 'path': '/upload/image/20221008', 'purpose': 'sfzfm', 'size': 6769, 'uploadType': 'image'}, {'attachName': '/upload/image/20221008', 'channel': 'app', 'md5': 'D0F4E50BB34810F395B2B8CA1DCC67D0', 'newName': '2022100821333752185605.jpeg', 'newPathName': '/upload/image/20221008/2022100821333752185605.jpeg', 'originalAttachName': '/upload/image/20221008', 'originalName': '166528281559549.jpeg', 'path': '/upload/image/20221008', 'purpose': 'scsfz', 'size': 6840, 'uploadType': 'image'}], 'bank': {'idCard': 'G21508648658548558'}, 'base': {'birthday': '1993-01-01', 'childNum': '1', 'education': '2', 'email': 'hvhhvhh@163.com', 'familyName': 'fade', 'givenName': 'fave', 'idCardNum': 'G21508648658548558', 'instancyContacts': [{'contactName': '13wei(*´I`*)', 'contactPhone': '+529212975512', 'contactRelation': '0', 'lastTime': 0}, {'contactName': '13wei02(／_＼)大怨种', 'contactPhone': '525524064428', 'contactRelation': '2', 'lastTime': 0}], 'maritalStatus': '1', 'middleName': 'here', 'placeAddress': 'hcbh', 'placeCity': '001011', 'placeProvince': '001', 'placeTime': '', 'postalCode': '', 'rfc': '', 'sex': '1', 'sysPlaceAddress': '', 'uname': '', 'whatsApp': '2158635665'}, 'configPayout': 'true', 'customerSource': 'com.mx.hinance', 'firstExpectAmount': '750.00', 'firstExpectDay': '10', 'livenessId': '', 'merchantNo': '01', 'orgNo': 'MEX', 'payoutPaymentConfig': {'bankConfig': {'accountType': {'label': '银行', 'value': '0'}, 'bankCard': '125863866865866866', 'bankType': {'label': 'BANCOMEXT', 'value': '37006'}, 'name': 'fade fave here'}, 'paymentChildKey': {'label': 'Bank', 'value': 'bank'}, 'paymentTypeKey': {'label': 'Bank transfer', 'value': 'bank'}}, 'productNo': 'MEX_01_1_20220927173142', 'promotionChannels': 'googlePlay', 'sign': {'adbEnabled': 1, 'androidId': '4535c1db08e9d00f', 'availableStorage': ' 16.0592GB', 'battery': '48', 'codeName': 'REL', 'cpu': 'armeabi-v7a', 'cpuInfo': '', 'cpuSpeed': '1586000KHz', 'currentWifi': '"HCLOUD-Risk"', 'detailAddress': '', 'deviceLanguage': 'zh', 'deviceMac': 'BC:76:5E:8A:0F:91', 'deviceModel': 'samsung#SM-G610F', 'deviceSerial': '3300fbcb8a7783cb', 'deviceSoftwareVersion': '01', 'deviceVersionType': 'user', 'displayMetrics': '1080,1920', 'fingerPrint': 'samsung/on7xeltedd/on7xelte:8.1.0/M1AJQ/G610FDXS1CTE1:user/release-keys', 'gaid': 'null', 'hardware': 'samsungexynos7870', 'imei': '353415087834233', 'imsi': '', 'inDoor': -1, 'lag': '', 'lng': '', 'locationAddress': '', 'locationCity': '', 'mobileName': 'Galaxy J7 Prime', 'model': 'samsung#SM-G610F', 'networkOperator': '46000', 'networkOperatorName': '', 'networkType': 'wifi', 'operatorName': '', 'os': '8.1.0', 'phoneAvailableRam': ' 0.9205GB', 'phoneCardNum': '', 'phoneOs': 'Android', 'phoneTotalRam': 'MemTotal:        2882568 kB', 'phonecardCount': 0, 'product': 'on7xeltedd', 'radioVersion': 'G610FDDS1CTE2', 'resolutionHeight': '1920', 'resolutionWidth': '1080', 'rooted': 0, 'routerMac': '3c:cd:5d:11:42:30', 'runtimeAvailableMemory': ' 0.1720GB', 'runtimeMaxMemory': ' 0.1875GB', 'simState': 0, 'simulator': 1, 'timeZone': 'GMT+08:00', 'totalStorage': ' 25.3557GB', 'turnOnTime': '2022-09-28 10:10:51', 'uuid': '53454350484f4e455f3030303030303030303030303030303030313632313535', 'uuidOriginal': '[83, 69, 67, 80, 72, 79, 78, 69, 95, 48, 48, 48, 48, 48, 48, 48, 48, 48, 48, 48, 48, 48, 48, 48, 48, 48, 49, 54, 50, 49, 53, 53] '}, 'work': {'income': '4', 'payDay': '10', 'post': '0', 'salaryType': '3', 'secondPayDay': '', 'sourceIncome': '0', 'tel': '', 'workTime': '1'}},
请求结果{'code': -4, 'msg': '通讯录不能为空', 'data': None, 'traceId': 'd817dc037ced2905', 'paginNation': {'total': 0, 'pageNo': 0, 'pageSize': 0, 'pages': 0}, 'success': False}
[2022-11-21 19:01:45,818] - logger_.py] - ERROR: 当前请求的错误: '成功' != '通讯录不能为空'
- 成功
+ 通讯录不能为空

[2022-11-21 19:01:45,819] - logger_.py] - DEBUG: ================================结束================================

