[2022-10-27 14:14:11,107] - logger_.py] - ERROR: 请求错误:HTTPConnectionPool(host='192.168.122.233', port=9010): Max retries exceeded with url: /hc/app/noAuth/logon/doRegister (Caused by NewConnectionError('<urllib3.connection.HTTPConnection object at 0x000001D32C570D90>: Failed to establish a new connection: [WinError 10061] 由于目标计算机积极拒绝，无法连接。'))
[2022-10-27 17:32:39,035] - logger_.py] - ERROR: 注册失败,注册调用结果： {'code': -1, 'msg': '服务器忙', 'data': None, 'traceId': 'ae317c41ae5531e9', 'paginNation': {'total': 0, 'pageNo': 0, 'pageSize': 0, 'pages': 0}, 'success': False}
[2022-10-27 17:32:39,158] - logger_.py] - ERROR: 登录失败: {'code': -4, 'msg': '手机号不能为空', 'data': None, 'traceId': '790f15df002e4216', 'paginNation': {'total': 0, 'pageNo': 0, 'pageSize': 0, 'pages': 0}, 'success': False},token没传入值,当前值为: None
[2022-10-27 17:32:39,158] - logger_.py] - ERROR: 登录失败: {'code': -4, 'msg': '手机号不能为空', 'data': None, 'traceId': '790f15df002e4216', 'paginNation': {'total': 0, 'pageNo': 0, 'pageSize': 0, 'pages': 0}, 'success': False},token没传入值,当前值为: None
[2022-10-27 17:32:40,192] - logger_.py] - ERROR: 当前请求的错误: '成功' != '服务器忙'
- 成功
+ 服务器忙

[2022-10-27 17:32:40,192] - logger_.py] - ERROR: 当前请求的错误: '成功' != '服务器忙'
- 成功
+ 服务器忙

[2022-10-27 17:32:40,192] - logger_.py] - ERROR: 当前请求的错误: '成功' != '服务器忙'
- 成功
+ 服务器忙

[2022-10-27 17:32:40,192] - logger_.py] - ERROR: 当前请求的错误: '成功' != '服务器忙'
- 成功
+ 服务器忙

[2022-10-27 17:32:40,192] - logger_.py] - ERROR: 当前请求的错误: '成功' != '服务器忙'
- 成功
+ 服务器忙

[2022-10-27 17:32:40,192] - logger_.py] - ERROR: 当前请求的错误: '成功' != '服务器忙'
- 成功
+ 服务器忙

[2022-10-27 17:32:40,192] - logger_.py] - ERROR: 当前请求的错误: '成功' != '服务器忙'
- 成功
+ 服务器忙

[2022-10-27 17:32:40,192] - logger_.py] - ERROR: 当前请求的错误: '成功' != '服务器忙'
- 成功
+ 服务器忙

[2022-10-27 17:32:40,192] - logger_.py] - ERROR: 当前请求的错误: '成功' != '服务器忙'
- 成功
+ 服务器忙

[2022-10-27 17:32:41,293] - logger_.py] - ERROR: 当前请求的错误: '成功' != '服务器忙'
- 成功
+ 服务器忙

[2022-10-27 17:32:41,293] - logger_.py] - ERROR: 当前请求的错误: '成功' != '服务器忙'
- 成功
+ 服务器忙

[2022-10-27 17:32:41,293] - logger_.py] - ERROR: 当前请求的错误: '成功' != '服务器忙'
- 成功
+ 服务器忙

[2022-10-27 17:32:41,293] - logger_.py] - ERROR: 当前请求的错误: '成功' != '服务器忙'
- 成功
+ 服务器忙

[2022-10-27 17:32:41,293] - logger_.py] - ERROR: 当前请求的错误: '成功' != '服务器忙'
- 成功
+ 服务器忙

[2022-10-27 17:32:41,293] - logger_.py] - ERROR: 当前请求的错误: '成功' != '服务器忙'
- 成功
+ 服务器忙

[2022-10-27 17:32:41,293] - logger_.py] - ERROR: 当前请求的错误: '成功' != '服务器忙'
- 成功
+ 服务器忙

[2022-10-27 17:32:41,293] - logger_.py] - ERROR: 当前请求的错误: '成功' != '服务器忙'
- 成功
+ 服务器忙

[2022-10-27 17:32:41,293] - logger_.py] - ERROR: 当前请求的错误: '成功' != '服务器忙'
- 成功
+ 服务器忙

[2022-10-27 17:32:41,293] - logger_.py] - ERROR: 当前请求的错误: '成功' != '服务器忙'
- 成功
+ 服务器忙

[2022-10-27 17:32:41,293] - logger_.py] - ERROR: 当前请求的错误: '成功' != '服务器忙'
- 成功
+ 服务器忙

[2022-10-27 17:32:41,293] - logger_.py] - ERROR: 当前请求的错误: '成功' != '服务器忙'
- 成功
+ 服务器忙

[2022-10-27 17:32:41,293] - logger_.py] - ERROR: 当前请求的错误: '成功' != '服务器忙'
- 成功
+ 服务器忙

[2022-10-27 17:32:41,293] - logger_.py] - ERROR: 当前请求的错误: '成功' != '服务器忙'
- 成功
+ 服务器忙

[2022-10-27 17:32:42,444] - logger_.py] - ERROR: 当前请求的错误: '成功' != '服务器忙'
- 成功
+ 服务器忙

[2022-10-27 17:32:42,444] - logger_.py] - ERROR: 当前请求的错误: '成功' != '服务器忙'
- 成功
+ 服务器忙

[2022-10-27 17:32:42,444] - logger_.py] - ERROR: 当前请求的错误: '成功' != '服务器忙'
- 成功
+ 服务器忙

[2022-10-27 17:32:42,444] - logger_.py] - ERROR: 当前请求的错误: '成功' != '服务器忙'
- 成功
+ 服务器忙

[2022-10-27 17:32:42,444] - logger_.py] - ERROR: 当前请求的错误: '成功' != '服务器忙'
- 成功
+ 服务器忙

[2022-10-27 17:32:42,444] - logger_.py] - ERROR: 当前请求的错误: '成功' != '服务器忙'
- 成功
+ 服务器忙

[2022-10-27 17:32:42,444] - logger_.py] - ERROR: 当前请求的错误: '成功' != '服务器忙'
- 成功
+ 服务器忙

[2022-10-27 17:32:42,444] - logger_.py] - ERROR: 当前请求的错误: '成功' != '服务器忙'
- 成功
+ 服务器忙

[2022-10-27 17:32:42,444] - logger_.py] - ERROR: 当前请求的错误: '成功' != '服务器忙'
- 成功
+ 服务器忙

[2022-10-27 17:32:42,444] - logger_.py] - ERROR: 当前请求的错误: '成功' != '服务器忙'
- 成功
+ 服务器忙

[2022-10-27 17:32:42,444] - logger_.py] - ERROR: 当前请求的错误: '成功' != '服务器忙'
- 成功
+ 服务器忙

[2022-10-27 17:32:42,444] - logger_.py] - ERROR: 当前请求的错误: '成功' != '服务器忙'
- 成功
+ 服务器忙

[2022-10-27 17:32:42,444] - logger_.py] - ERROR: 当前请求的错误: '成功' != '服务器忙'
- 成功
+ 服务器忙

[2022-10-27 17:32:42,444] - logger_.py] - ERROR: 当前请求的错误: '成功' != '服务器忙'
- 成功
+ 服务器忙

[2022-10-27 17:32:42,444] - logger_.py] - ERROR: 当前请求的错误: '成功' != '服务器忙'
- 成功
+ 服务器忙

[2022-10-27 17:32:42,444] - logger_.py] - ERROR: 当前请求的错误: '成功' != '服务器忙'
- 成功
+ 服务器忙

[2022-10-27 17:32:42,444] - logger_.py] - ERROR: 当前请求的错误: '成功' != '服务器忙'
- 成功
+ 服务器忙

[2022-10-27 17:32:42,444] - logger_.py] - ERROR: 当前请求的错误: '成功' != '服务器忙'
- 成功
+ 服务器忙

[2022-10-27 17:32:42,444] - logger_.py] - ERROR: 当前请求的错误: '成功' != '服务器忙'
- 成功
+ 服务器忙

