[2022-11-02 16:35:46,298] - logger_.py] - ERROR: 注册失败,注册调用结果： {'code': -1, 'msg': '服务器忙', 'data': None, 'traceId': 'e3cc43f4c32a3dcf', 'paginNation': {'total': 0, 'pageNo': 0, 'pageSize': 0, 'pages': 0}, 'success': False}
[2022-11-02 16:35:46,410] - logger_.py] - ERROR: 登录失败: {'code': -4, 'msg': '手机号不能为空', 'data': None, 'traceId': 'c7914c6cb1d8bfc5', 'paginNation': {'total': 0, 'pageNo': 0, 'pageSize': 0, 'pages': 0}, 'success': False},token没传入值,当前值为: None
[2022-11-02 16:35:46,410] - logger_.py] - ERROR: 登录失败: {'code': -4, 'msg': '手机号不能为空', 'data': None, 'traceId': 'c7914c6cb1d8bfc5', 'paginNation': {'total': 0, 'pageNo': 0, 'pageSize': 0, 'pages': 0}, 'success': False},token没传入值,当前值为: None
[2022-11-02 16:35:47,458] - logger_.py] - ERROR: 当前请求的错误: '成功' != '服务器忙'
- 成功
+ 服务器忙

[2022-11-02 16:35:47,458] - logger_.py] - ERROR: 当前请求的错误: '成功' != '服务器忙'
- 成功
+ 服务器忙

[2022-11-02 16:35:47,458] - logger_.py] - ERROR: 当前请求的错误: '成功' != '服务器忙'
- 成功
+ 服务器忙

[2022-11-02 16:35:47,458] - logger_.py] - ERROR: 当前请求的错误: '成功' != '服务器忙'
- 成功
+ 服务器忙

[2022-11-02 16:35:47,458] - logger_.py] - ERROR: 当前请求的错误: '成功' != '服务器忙'
- 成功
+ 服务器忙

[2022-11-02 16:35:47,458] - logger_.py] - ERROR: 当前请求的错误: '成功' != '服务器忙'
- 成功
+ 服务器忙

[2022-11-02 16:35:47,458] - logger_.py] - ERROR: 当前请求的错误: '成功' != '服务器忙'
- 成功
+ 服务器忙

[2022-11-02 16:35:47,458] - logger_.py] - ERROR: 当前请求的错误: '成功' != '服务器忙'
- 成功
+ 服务器忙

[2022-11-02 16:35:47,458] - logger_.py] - ERROR: 当前请求的错误: '成功' != '服务器忙'
- 成功
+ 服务器忙

[2022-11-02 16:35:48,556] - logger_.py] - ERROR: 当前请求的错误: '成功' != '服务器忙'
- 成功
+ 服务器忙

[2022-11-02 16:35:48,556] - logger_.py] - ERROR: 当前请求的错误: '成功' != '服务器忙'
- 成功
+ 服务器忙

[2022-11-02 16:35:48,556] - logger_.py] - ERROR: 当前请求的错误: '成功' != '服务器忙'
- 成功
+ 服务器忙

[2022-11-02 16:35:48,556] - logger_.py] - ERROR: 当前请求的错误: '成功' != '服务器忙'
- 成功
+ 服务器忙

[2022-11-02 16:35:48,556] - logger_.py] - ERROR: 当前请求的错误: '成功' != '服务器忙'
- 成功
+ 服务器忙

[2022-11-02 16:35:48,556] - logger_.py] - ERROR: 当前请求的错误: '成功' != '服务器忙'
- 成功
+ 服务器忙

[2022-11-02 16:35:48,556] - logger_.py] - ERROR: 当前请求的错误: '成功' != '服务器忙'
- 成功
+ 服务器忙

[2022-11-02 16:35:48,556] - logger_.py] - ERROR: 当前请求的错误: '成功' != '服务器忙'
- 成功
+ 服务器忙

[2022-11-02 16:35:48,556] - logger_.py] - ERROR: 当前请求的错误: '成功' != '服务器忙'
- 成功
+ 服务器忙

[2022-11-02 16:35:48,556] - logger_.py] - ERROR: 当前请求的错误: '成功' != '服务器忙'
- 成功
+ 服务器忙

[2022-11-02 16:35:48,556] - logger_.py] - ERROR: 当前请求的错误: '成功' != '服务器忙'
- 成功
+ 服务器忙

[2022-11-02 16:35:48,556] - logger_.py] - ERROR: 当前请求的错误: '成功' != '服务器忙'
- 成功
+ 服务器忙

[2022-11-02 16:35:48,556] - logger_.py] - ERROR: 当前请求的错误: '成功' != '服务器忙'
- 成功
+ 服务器忙

[2022-11-02 16:35:48,556] - logger_.py] - ERROR: 当前请求的错误: '成功' != '服务器忙'
- 成功
+ 服务器忙

[2022-11-02 16:35:49,389] - logger_.py] - ERROR: 当前请求的错误: '成功' != '服务器忙'
- 成功
+ 服务器忙

[2022-11-02 16:35:49,389] - logger_.py] - ERROR: 当前请求的错误: '成功' != '服务器忙'
- 成功
+ 服务器忙

[2022-11-02 16:35:49,389] - logger_.py] - ERROR: 当前请求的错误: '成功' != '服务器忙'
- 成功
+ 服务器忙

[2022-11-02 16:35:49,389] - logger_.py] - ERROR: 当前请求的错误: '成功' != '服务器忙'
- 成功
+ 服务器忙

[2022-11-02 16:35:49,389] - logger_.py] - ERROR: 当前请求的错误: '成功' != '服务器忙'
- 成功
+ 服务器忙

[2022-11-02 16:35:49,389] - logger_.py] - ERROR: 当前请求的错误: '成功' != '服务器忙'
- 成功
+ 服务器忙

[2022-11-02 16:35:49,389] - logger_.py] - ERROR: 当前请求的错误: '成功' != '服务器忙'
- 成功
+ 服务器忙

[2022-11-02 16:35:49,389] - logger_.py] - ERROR: 当前请求的错误: '成功' != '服务器忙'
- 成功
+ 服务器忙

[2022-11-02 16:35:49,389] - logger_.py] - ERROR: 当前请求的错误: '成功' != '服务器忙'
- 成功
+ 服务器忙

[2022-11-02 16:35:49,389] - logger_.py] - ERROR: 当前请求的错误: '成功' != '服务器忙'
- 成功
+ 服务器忙

[2022-11-02 16:35:49,389] - logger_.py] - ERROR: 当前请求的错误: '成功' != '服务器忙'
- 成功
+ 服务器忙

[2022-11-02 16:35:49,389] - logger_.py] - ERROR: 当前请求的错误: '成功' != '服务器忙'
- 成功
+ 服务器忙

[2022-11-02 16:35:49,389] - logger_.py] - ERROR: 当前请求的错误: '成功' != '服务器忙'
- 成功
+ 服务器忙

[2022-11-02 16:35:49,389] - logger_.py] - ERROR: 当前请求的错误: '成功' != '服务器忙'
- 成功
+ 服务器忙

[2022-11-02 16:35:49,389] - logger_.py] - ERROR: 当前请求的错误: '成功' != '服务器忙'
- 成功
+ 服务器忙

[2022-11-02 16:35:49,389] - logger_.py] - ERROR: 当前请求的错误: '成功' != '服务器忙'
- 成功
+ 服务器忙

[2022-11-02 16:35:49,389] - logger_.py] - ERROR: 当前请求的错误: '成功' != '服务器忙'
- 成功
+ 服务器忙

[2022-11-02 16:35:49,389] - logger_.py] - ERROR: 当前请求的错误: '成功' != '服务器忙'
- 成功
+ 服务器忙

[2022-11-02 16:35:49,389] - logger_.py] - ERROR: 当前请求的错误: '成功' != '服务器忙'
- 成功
+ 服务器忙

